#! /usr/bin/vvp
:ivl_version "11.0 (stable)";
:ivl_delay_selection "TYPICAL";
:vpi_time_precision - 12;
:vpi_module "/usr/lib/x86_64-linux-gnu/ivl/system.vpi";
:vpi_module "/usr/lib/x86_64-linux-gnu/ivl/vhdl_sys.vpi";
:vpi_module "/usr/lib/x86_64-linux-gnu/ivl/vhdl_textio.vpi";
:vpi_module "/usr/lib/x86_64-linux-gnu/ivl/v2005_math.vpi";
:vpi_module "/usr/lib/x86_64-linux-gnu/ivl/va_math.vpi";
:vpi_module "/usr/lib/x86_64-linux-gnu/ivl/v2009.vpi";
S_0x5b2fe7429dc0 .scope package, "$unit" "$unit" 2 1;
 .timescale 0 0;
S_0x5b2fe7429f50 .scope module, "PE_tb" "PE_tb" 3 2;
 .timescale -9 -12;
P_0x5b2fe745bb80 .param/l "CLK_PERIOD" 1 3 5, +C4<00000000000000000000000000001010>;
P_0x5b2fe745bbc0 .param/l "DATA_WIDTH" 1 3 4, +C4<00000000000000000000000000010000>;
v0x5b2fe7492e60_0 .var "a_in", 15 0;
v0x5b2fe7492f70_0 .net "a_out", 15 0, v0x5b2fe7491e10_0;  1 drivers
v0x5b2fe7493040_0 .var "b_in", 15 0;
v0x5b2fe7493140_0 .net "b_out", 15 0, v0x5b2fe7491fe0_0;  1 drivers
v0x5b2fe7493210_0 .net "c_out", 31 0, v0x5b2fe74920c0_0;  1 drivers
v0x5b2fe7493300_0 .var "clk", 0 0;
v0x5b2fe74933d0_0 .var "rst", 0 0;
v0x5b2fe74934a0_0 .var "valid_in", 0 0;
v0x5b2fe7493570_0 .net "valid_out", 0 0, v0x5b2fe7492430_0;  1 drivers
S_0x5b2fe7471930 .scope begin, "$unm_blk_5" "$unm_blk_5" 3 111, 3 111 0, S_0x5b2fe7429f50;
 .timescale -9 -12;
v0x5b2fe74546d0_0 .var/darray "A", 1;
v0x5b2fe7454130_0 .var/darray "B", 1;
S_0x5b2fe74916a0 .scope autofunction.vec4.s32, "mul" "mul" 3 34, 3 34 0, S_0x5b2fe7429f50;
 .timescale -9 -12;
v0x5b2fe7454380_0 .var "a", 15 0;
v0x5b2fe74589d0_0 .var "b", 15 0;
; Variable mul is vec4 return value of scope S_0x5b2fe74916a0
TD_PE_tb.mul ;
    %load/vec4 v0x5b2fe7454380_0;
    %pad/u 32;
    %load/vec4 v0x5b2fe74589d0_0;
    %pad/u 32;
    %mul;
    %ret/vec4 0, 0, 32;  Assign to mul (store_vec4_to_lval)
    %disable S_0x5b2fe74916a0;
    %end;
S_0x5b2fe7491940 .scope module, "pe_inst" "PE" 3 14, 4 1 0, S_0x5b2fe7429f50;
 .timescale -9 -12;
    .port_info 0 /INPUT 1 "clk";
    .port_info 1 /INPUT 1 "reset";
    .port_info 2 /INPUT 16 "a_in";
    .port_info 3 /INPUT 16 "b_in";
    .port_info 4 /INPUT 1 "valid_in";
    .port_info 5 /OUTPUT 1 "valid_out";
    .port_info 6 /OUTPUT 16 "a_out";
    .port_info 7 /OUTPUT 16 "b_out";
    .port_info 8 /OUTPUT 32 "c_out";
P_0x5b2fe7491b20 .param/l "DATA_WIDTH" 0 4 2, +C4<00000000000000000000000000010000>;
v0x5b2fe7491d10_0 .net "a_in", 15 0, v0x5b2fe7492e60_0;  1 drivers
v0x5b2fe7491e10_0 .var "a_out", 15 0;
v0x5b2fe7491ef0_0 .net "b_in", 15 0, v0x5b2fe7493040_0;  1 drivers
v0x5b2fe7491fe0_0 .var "b_out", 15 0;
v0x5b2fe74920c0_0 .var "c_out", 31 0;
v0x5b2fe74921f0_0 .net "clk", 0 0, v0x5b2fe7493300_0;  1 drivers
v0x5b2fe74922b0_0 .net "reset", 0 0, v0x5b2fe74933d0_0;  1 drivers
v0x5b2fe7492370_0 .net "valid_in", 0 0, v0x5b2fe74934a0_0;  1 drivers
v0x5b2fe7492430_0 .var "valid_out", 0 0;
E_0x5b2fe7473e00 .event posedge, v0x5b2fe74921f0_0;
S_0x5b2fe7492610 .scope autotask, "test_PE" "test_PE" 3 41, 3 41 0, S_0x5b2fe7429f50;
 .timescale -9 -12;
v0x5b2fe7492b20_0 .var/darray "a_arr", 1;
v0x5b2fe7492c00_0 .var/darray "b_arr", 1;
v0x5b2fe7492cc0_0 .var "exp_c", 31 0;
v0x5b2fe7492d80_0 .var/2u "len", 31 0;
E_0x5b2fe7472070 .event negedge, v0x5b2fe74921f0_0;
TD_PE_tb.test_PE ;
    %pushi/vec4 0, 0, 32;
    %store/vec4 v0x5b2fe7492cc0_0, 0, 32;
    %pushi/vec4 0, 0, 16;
    %store/vec4 v0x5b2fe7492e60_0, 0, 16;
    %pushi/vec4 0, 0, 16;
    %store/vec4 v0x5b2fe7493040_0, 0, 16;
    %pushi/vec4 0, 0, 1;
    %store/vec4 v0x5b2fe74934a0_0, 0, 1;
    %pushi/vec4 1, 0, 1;
    %store/vec4 v0x5b2fe74933d0_0, 0, 1;
    %wait E_0x5b2fe7473e00;
    %wait E_0x5b2fe7473e00;
    %pushi/vec4 0, 0, 1;
    %store/vec4 v0x5b2fe74933d0_0, 0, 1;
    %wait E_0x5b2fe7472070;
    %ix/load 3, 0, 0;
    %flag_set/imm 4, 0;
    %load/dar/vec4 v0x5b2fe7492b20_0;
    %assign/vec4 v0x5b2fe7492e60_0, 0;
    %ix/load 3, 0, 0;
    %flag_set/imm 4, 0;
    %load/dar/vec4 v0x5b2fe7492c00_0;
    %assign/vec4 v0x5b2fe7493040_0, 0;
    %pushi/vec4 1, 0, 1;
    %assign/vec4 v0x5b2fe74934a0_0, 0;
    %fork t_1, S_0x5b2fe74927e0;
    %jmp t_0;
    .scope S_0x5b2fe74927e0;
t_1 ;
    %pushi/vec4 0, 0, 32;
    %store/vec4 v0x5b2fe7492a20_0, 0, 32;
T_1.0 ;
    %load/vec4 v0x5b2fe7492a20_0;
    %load/vec4 v0x5b2fe7492d80_0;
    %cmp/u;
    %jmp/0xz T_1.1, 5;
    %wait E_0x5b2fe7473e00;
    ; show_stmt_assign_vector: Get l-value for compressed += operand
    %load/vec4 v0x5b2fe7492cc0_0;
    %ix/getv/s 3, v0x5b2fe7492a20_0;
    %load/dar/vec4 v0x5b2fe7492b20_0;
    %pad/u 32;
    %ix/getv/s 3, v0x5b2fe7492a20_0;
    %load/dar/vec4 v0x5b2fe7492c00_0;
    %pad/u 32;
    %mul;
    %add;
    %store/vec4 v0x5b2fe7492cc0_0, 0, 32;
    %wait E_0x5b2fe7472320;
    %load/vec4 v0x5b2fe7493570_0;
    %pad/u 32;
    %cmpi/ne 1, 0, 32;
    %jmp/0xz  T_1.2, 6;
    %vpi_call/w 3 76 "$error", "valid_out wrong at i=%0d", v0x5b2fe7492a20_0 {0 0 0};
T_1.2 ;
    %load/vec4 v0x5b2fe7492f70_0;
    %ix/getv/s 3, v0x5b2fe7492a20_0;
    %load/dar/vec4 v0x5b2fe7492b20_0;
    %cmp/ne;
    %jmp/0xz  T_1.4, 6;
    %ix/getv/s 3, v0x5b2fe7492a20_0;
    %load/dar/vec4 v0x5b2fe7492b20_0;
    %vpi_call/w 3 79 "$error", "a_out mismatch at i=%0d exp=%0d got=%0d", v0x5b2fe7492a20_0, S<0,vec4,u16>, v0x5b2fe7492f70_0 {1 0 0};
T_1.4 ;
    %load/vec4 v0x5b2fe7493140_0;
    %ix/getv/s 3, v0x5b2fe7492a20_0;
    %load/dar/vec4 v0x5b2fe7492c00_0;
    %cmp/ne;
    %jmp/0xz  T_1.6, 6;
    %ix/getv/s 3, v0x5b2fe7492a20_0;
    %load/dar/vec4 v0x5b2fe7492c00_0;
    %vpi_call/w 3 82 "$error", "b_out mismatch at i=%0d exp=%0d got=%0d", v0x5b2fe7492a20_0, S<0,vec4,u16>, v0x5b2fe7493140_0 {1 0 0};
T_1.6 ;
    %load/vec4 v0x5b2fe7493210_0;
    %load/vec4 v0x5b2fe7492cc0_0;
    %cmp/ne;
    %jmp/0xz  T_1.8, 6;
    %vpi_call/w 3 85 "$error", "c_out mismatch at i=%0d exp=%0d got=%0d", v0x5b2fe7492a20_0, v0x5b2fe7492cc0_0, v0x5b2fe7493210_0 {0 0 0};
T_1.8 ;
    %load/vec4 v0x5b2fe7492a20_0;
    %addi 1, 0, 32;
    %load/vec4 v0x5b2fe7492d80_0;
    %cmp/u;
    %jmp/0xz  T_1.10, 5;
    %load/vec4 v0x5b2fe7492a20_0;
    %addi 1, 0, 32;
    %ix/vec4/s 3;
    %load/dar/vec4 v0x5b2fe7492b20_0;
    %assign/vec4 v0x5b2fe7492e60_0, 0;
    %load/vec4 v0x5b2fe7492a20_0;
    %addi 1, 0, 32;
    %ix/vec4/s 3;
    %load/dar/vec4 v0x5b2fe7492c00_0;
    %assign/vec4 v0x5b2fe7493040_0, 0;
    %pushi/vec4 1, 0, 1;
    %assign/vec4 v0x5b2fe74934a0_0, 0;
    %jmp T_1.11;
T_1.10 ;
    %pushi/vec4 0, 0, 16;
    %assign/vec4 v0x5b2fe7492e60_0, 0;
    %pushi/vec4 0, 0, 16;
    %assign/vec4 v0x5b2fe7493040_0, 0;
    %pushi/vec4 0, 0, 1;
    %assign/vec4 v0x5b2fe74934a0_0, 0;
T_1.11 ;
    ; show_stmt_assign_vector: Get l-value for compressed += operand
    %load/vec4 v0x5b2fe7492a20_0;
    %pushi/vec4 1, 0, 32;
    %add;
    %cast2;
    %store/vec4 v0x5b2fe7492a20_0, 0, 32;
    %jmp T_1.0;
T_1.1 ;
    %end;
    .scope S_0x5b2fe7492610;
t_0 %join;
    %wait E_0x5b2fe7473e00;
    %wait E_0x5b2fe7472070;
    %load/vec4 v0x5b2fe7493570_0;
    %pad/u 32;
    %cmpi/ne 0, 0, 32;
    %jmp/0xz  T_1.12, 6;
    %vpi_call/w 3 103 "$error", "valid_out should be 0 after stream ends" {0 0 0};
T_1.12 ;
    %load/vec4 v0x5b2fe7493210_0;
    %load/vec4 v0x5b2fe7492cc0_0;
    %cmp/ne;
    %jmp/0xz  T_1.14, 6;
    %vpi_call/w 3 106 "$error", "Final c_out mismatch exp=%0d got=%0d", v0x5b2fe7492cc0_0, v0x5b2fe7493210_0 {0 0 0};
T_1.14 ;
    %vpi_call/w 3 108 "$display", "Test finished. Final c_out = %0d", v0x5b2fe7493210_0 {0 0 0};
    %end;
S_0x5b2fe74927e0 .scope autobegin, "$ivl_for_loop0" "$ivl_for_loop0" 3 68, 3 68 0, S_0x5b2fe7492610;
 .timescale -9 -12;
v0x5b2fe7492a20_0 .var/2s "i", 31 0;
E_0x5b2fe7472320 .event negedge, v0x5b2fe74921f0_0;
    .scope S_0x5b2fe7491940;
T_2 ;
    %wait E_0x5b2fe7473e00;
    %load/vec4 v0x5b2fe74922b0_0;
    %flag_set/vec4 8;
    %jmp/0xz  T_2.0, 8;
    %pushi/vec4 0, 0, 1;
    %assign/vec4 v0x5b2fe7492430_0, 0;
    %pushi/vec4 0, 0, 16;
    %assign/vec4 v0x5b2fe7491e10_0, 0;
    %pushi/vec4 0, 0, 16;
    %assign/vec4 v0x5b2fe7491fe0_0, 0;
    %pushi/vec4 0, 0, 32;
    %assign/vec4 v0x5b2fe74920c0_0, 0;
T_2.0 ;
    %load/vec4 v0x5b2fe7492370_0;
    %flag_set/vec4 8;
    %jmp/0xz  T_2.2, 8;
    %load/vec4 v0x5b2fe74920c0_0;
    %load/vec4 v0x5b2fe7491d10_0;
    %pad/u 32;
    %load/vec4 v0x5b2fe7491ef0_0;
    %pad/u 32;
    %mul;
    %add;
    %assign/vec4 v0x5b2fe74920c0_0, 0;
    %load/vec4 v0x5b2fe7491d10_0;
    %assign/vec4 v0x5b2fe7491e10_0, 0;
    %load/vec4 v0x5b2fe7491ef0_0;
    %assign/vec4 v0x5b2fe7491fe0_0, 0;
T_2.2 ;
    %load/vec4 v0x5b2fe7492370_0;
    %assign/vec4 v0x5b2fe7492430_0, 0;
    %jmp T_2;
    .thread T_2;
    .scope S_0x5b2fe7429f50;
T_3 ;
    %pushi/vec4 0, 0, 1;
    %store/vec4 v0x5b2fe7493300_0, 0, 1;
    %end;
    .thread T_3;
    .scope S_0x5b2fe7429f50;
T_4 ;
    %delay 5000, 0;
    %load/vec4 v0x5b2fe7493300_0;
    %inv;
    %store/vec4 v0x5b2fe7493300_0, 0, 1;
    %jmp T_4;
    .thread T_4;
    .scope S_0x5b2fe7429f50;
T_5 ;
    %vpi_call/w 3 30 "$dumpfile", "PE_tb.vcd" {0 0 0};
    %vpi_call/w 3 31 "$dumpvars", 32'sb00000000000000000000000000000000, S_0x5b2fe7429f50 {0 0 0};
    %end;
    .thread T_5;
    .scope S_0x5b2fe7429f50;
T_6 ;
    %fork t_3, S_0x5b2fe7471930;
    %jmp t_2;
    .scope S_0x5b2fe7471930;
t_3 ;
    %ix/load 4, 5, 0;
    %flag_set/imm 4, 0;
    %new/darray 4, "v16";
    %store/obj v0x5b2fe74546d0_0;
    %ix/load 4, 5, 0;
    %flag_set/imm 4, 0;
    %new/darray 4, "v16";
    %store/obj v0x5b2fe7454130_0;
    %pushi/vec4 3, 0, 16;
    %ix/load 3, 0, 0;
    %flag_set/imm 4, 0;
    %store/dar/vec4 v0x5b2fe74546d0_0;
    %pushi/vec4 4, 0, 16;
    %ix/load 3, 0, 0;
    %flag_set/imm 4, 0;
    %store/dar/vec4 v0x5b2fe7454130_0;
    %pushi/vec4 5, 0, 16;
    %ix/load 3, 1, 0;
    %flag_set/imm 4, 0;
    %store/dar/vec4 v0x5b2fe74546d0_0;
    %pushi/vec4 6, 0, 16;
    %ix/load 3, 1, 0;
    %flag_set/imm 4, 0;
    %store/dar/vec4 v0x5b2fe7454130_0;
    %pushi/vec4 7, 0, 16;
    %ix/load 3, 2, 0;
    %flag_set/imm 4, 0;
    %store/dar/vec4 v0x5b2fe74546d0_0;
    %pushi/vec4 8, 0, 16;
    %ix/load 3, 2, 0;
    %flag_set/imm 4, 0;
    %store/dar/vec4 v0x5b2fe7454130_0;
    %pushi/vec4 2, 0, 16;
    %ix/load 3, 3, 0;
    %flag_set/imm 4, 0;
    %store/dar/vec4 v0x5b2fe74546d0_0;
    %pushi/vec4 9, 0, 16;
    %ix/load 3, 3, 0;
    %flag_set/imm 4, 0;
    %store/dar/vec4 v0x5b2fe7454130_0;
    %pushi/vec4 1, 0, 16;
    %ix/load 3, 4, 0;
    %flag_set/imm 4, 0;
    %store/dar/vec4 v0x5b2fe74546d0_0;
    %pushi/vec4 10, 0, 16;
    %ix/load 3, 4, 0;
    %flag_set/imm 4, 0;
    %store/dar/vec4 v0x5b2fe7454130_0;
    %alloc S_0x5b2fe7492610;
    %load/obj v0x5b2fe74546d0_0;
    %store/obj v0x5b2fe7492b20_0;
    %load/obj v0x5b2fe7454130_0;
    %store/obj v0x5b2fe7492c00_0;
    %pushi/vec4 5, 0, 32;
    %store/vec4 v0x5b2fe7492d80_0, 0, 32;
    %fork TD_PE_tb.test_PE, S_0x5b2fe7492610;
    %join;
    %free S_0x5b2fe7492610;
    %vpi_call/w 3 126 "$display", "DONE" {0 0 0};
    %vpi_call/w 3 127 "$finish" {0 0 0};
    %end;
    .scope S_0x5b2fe7429f50;
t_2 %join;
    %end;
    .thread T_6;
# The file index is used to find the file name in the following table.
:file_names 5;
    "N/A";
    "<interactive>";
    "-";
    "/home/closedclock/GitHub/lab4-gpuarch/tests/PE_tb.sv";
    "/home/closedclock/GitHub/lab4-gpuarch/rtl/PE.v";
