#! /usr/bin/vvp
:ivl_version "11.0 (stable)";
:ivl_delay_selection "TYPICAL";
:vpi_time_precision - 12;
:vpi_module "/usr/lib/x86_64-linux-gnu/ivl/system.vpi";
:vpi_module "/usr/lib/x86_64-linux-gnu/ivl/vhdl_sys.vpi";
:vpi_module "/usr/lib/x86_64-linux-gnu/ivl/vhdl_textio.vpi";
:vpi_module "/usr/lib/x86_64-linux-gnu/ivl/v2005_math.vpi";
:vpi_module "/usr/lib/x86_64-linux-gnu/ivl/va_math.vpi";
:vpi_module "/usr/lib/x86_64-linux-gnu/ivl/v2009.vpi";
S_0x632b1faaea20 .scope package, "$unit" "$unit" 2 1;
 .timescale 0 0;
S_0x632b1fa93df0 .scope module, "tb_systolic" "tb_systolic" 3 3;
 .timescale -9 -12;
P_0x632b1fa92e50 .param/l "CLK_HALF" 1 3 7, +C4<00000000000000000000000000000101>;
P_0x632b1fa92e90 .param/l "DATA_WIDTH" 1 3 6, +C4<00000000000000000000000000010000>;
P_0x632b1fa92ed0 .param/l "DRAIN_CYCLES" 1 3 12, +C4<0000000000000000000000000000000000000000000000000000000000000001011>;
P_0x632b1fa92f10 .param/l "FEED_CYCLES" 1 3 11, +C4<00000000000000000000000000000000000000000000000000000000000000111>;
P_0x632b1fa92f50 .param/l "N" 1 3 5, +C4<00000000000000000000000000000100>;
L_0x632b1fad40c0 .functor BUFZ 32, v0x632b1fa6b8c0_0, C4<00000000000000000000000000000000>, C4<00000000000000000000000000000000>, C4<00000000000000000000000000000000>;
L_0x632b1fad4180 .functor BUFZ 32, v0x632b1fabd200_0, C4<00000000000000000000000000000000>, C4<00000000000000000000000000000000>, C4<00000000000000000000000000000000>;
L_0x632b1fad42a0 .functor BUFZ 32, v0x632b1fabe410_0, C4<00000000000000000000000000000000>, C4<00000000000000000000000000000000>, C4<00000000000000000000000000000000>;
L_0x632b1fad4310 .functor BUFZ 32, v0x632b1fabf660_0, C4<00000000000000000000000000000000>, C4<00000000000000000000000000000000>, C4<00000000000000000000000000000000>;
L_0x632b1fad4440 .functor BUFZ 32, v0x632b1fac0b50_0, C4<00000000000000000000000000000000>, C4<00000000000000000000000000000000>, C4<00000000000000000000000000000000>;
L_0x632b1fad4500 .functor BUFZ 32, v0x632b1fac1de0_0, C4<00000000000000000000000000000000>, C4<00000000000000000000000000000000>, C4<00000000000000000000000000000000>;
L_0x632b1fad43d0 .functor BUFZ 32, v0x632b1fac3000_0, C4<00000000000000000000000000000000>, C4<00000000000000000000000000000000>, C4<00000000000000000000000000000000>;
L_0x632b1fad4690 .functor BUFZ 32, v0x632b1fac4210_0, C4<00000000000000000000000000000000>, C4<00000000000000000000000000000000>, C4<00000000000000000000000000000000>;
L_0x632b1fad47e0 .functor BUFZ 32, v0x632b1fac5710_0, C4<00000000000000000000000000000000>, C4<00000000000000000000000000000000>, C4<00000000000000000000000000000000>;
L_0x632b1fad48a0 .functor BUFZ 32, v0x632b1fac6890_0, C4<00000000000000000000000000000000>, C4<00000000000000000000000000000000>, C4<00000000000000000000000000000000>;
L_0x632b1fad4a00 .functor BUFZ 32, v0x632b1fac7a20_0, C4<00000000000000000000000000000000>, C4<00000000000000000000000000000000>, C4<00000000000000000000000000000000>;
L_0x632b1fad4ac0 .functor BUFZ 32, v0x632b1fac8c30_0, C4<00000000000000000000000000000000>, C4<00000000000000000000000000000000>, C4<00000000000000000000000000000000>;
L_0x632b1fad4c30 .functor BUFZ 32, v0x632b1faca120_0, C4<00000000000000000000000000000000>, C4<00000000000000000000000000000000>, C4<00000000000000000000000000000000>;
L_0x632b1fad4cf0 .functor BUFZ 32, v0x632b1facb330_0, C4<00000000000000000000000000000000>, C4<00000000000000000000000000000000>, C4<00000000000000000000000000000000>;
L_0x632b1fad4e70 .functor BUFZ 32, v0x632b1facc550_0, C4<00000000000000000000000000000000>, C4<00000000000000000000000000000000>, C4<00000000000000000000000000000000>;
L_0x632b1fad4f30 .functor BUFZ 32, v0x632b1facd760_0, C4<00000000000000000000000000000000>, C4<00000000000000000000000000000000>, C4<00000000000000000000000000000000>;
v0x632b1facf930 .array "A", 15 0, 15 0;
v0x632b1facf9d0 .array "B", 15 0, 15 0;
v0x632b1facfa70 .array "C_exp", 15 0, 31 0;
v0x632b1facfb40 .array "a_in_row", 3 0, 15 0;
v0x632b1facfc10 .array "a_skew", 27 0, 15 0;
v0x632b1facfcb0 .array "b_in_col", 3 0, 15 0;
v0x632b1facfd50 .array "b_skew", 27 0, 15 0;
v0x632b1facfdf0 .array "c_out", 15 0;
v0x632b1facfdf0_0 .net v0x632b1facfdf0 0, 31 0, L_0x632b1fad40c0; 1 drivers
v0x632b1facfdf0_1 .net v0x632b1facfdf0 1, 31 0, L_0x632b1fad4180; 1 drivers
v0x632b1facfdf0_2 .net v0x632b1facfdf0 2, 31 0, L_0x632b1fad42a0; 1 drivers
v0x632b1facfdf0_3 .net v0x632b1facfdf0 3, 31 0, L_0x632b1fad4310; 1 drivers
v0x632b1facfdf0_4 .net v0x632b1facfdf0 4, 31 0, L_0x632b1fad4440; 1 drivers
v0x632b1facfdf0_5 .net v0x632b1facfdf0 5, 31 0, L_0x632b1fad4500; 1 drivers
v0x632b1facfdf0_6 .net v0x632b1facfdf0 6, 31 0, L_0x632b1fad43d0; 1 drivers
v0x632b1facfdf0_7 .net v0x632b1facfdf0 7, 31 0, L_0x632b1fad4690; 1 drivers
v0x632b1facfdf0_8 .net v0x632b1facfdf0 8, 31 0, L_0x632b1fad47e0; 1 drivers
v0x632b1facfdf0_9 .net v0x632b1facfdf0 9, 31 0, L_0x632b1fad48a0; 1 drivers
v0x632b1facfdf0_10 .net v0x632b1facfdf0 10, 31 0, L_0x632b1fad4a00; 1 drivers
v0x632b1facfdf0_11 .net v0x632b1facfdf0 11, 31 0, L_0x632b1fad4ac0; 1 drivers
v0x632b1facfdf0_12 .net v0x632b1facfdf0 12, 31 0, L_0x632b1fad4c30; 1 drivers
v0x632b1facfdf0_13 .net v0x632b1facfdf0 13, 31 0, L_0x632b1fad4cf0; 1 drivers
v0x632b1facfdf0_14 .net v0x632b1facfdf0 14, 31 0, L_0x632b1fad4e70; 1 drivers
v0x632b1facfdf0_15 .net v0x632b1facfdf0 15, 31 0, L_0x632b1fad4f30; 1 drivers
v0x632b1facff20_0 .var "clk", 0 0;
v0x632b1fad0050_0 .var/i "cycle", 31 0;
v0x632b1fad00f0_0 .var/i "errors", 31 0;
v0x632b1fad0190_0 .var/i "i", 31 0;
v0x632b1fad0230_0 .var/i "j", 31 0;
v0x632b1fad02d0_0 .var/i "k", 31 0;
v0x632b1fad0370_0 .var "reset", 0 0;
v0x632b1fad0410_0 .var/i "t", 31 0;
v0x632b1fad04b0_0 .var "valid_in", 0 0;
v0x632b1fad0580_0 .net "valid_out", 0 0, L_0x632b1fad38a0;  1 drivers
E_0x632b1fa41a20 .event negedge, v0x632b1fa684d0_0;
S_0x632b1fa909d0 .scope module, "dut" "systolic_array" 3 23, 4 1 0, S_0x632b1fa93df0;
 .timescale -9 -12;
    .port_info 0 /INPUT 1 "clk";
    .port_info 1 /INPUT 1 "reset";
    .port_info 2 /INPUT 64 "a_in_row";
    .port_info 3 /INPUT 64 "b_in_col";
    .port_info 4 /INPUT 1 "valid_in";
    .port_info 5 /OUTPUT 512 "c_out";
    .port_info 6 /OUTPUT 1 "valid_out";
P_0x632b1faa94c0 .param/l "DATA_WIDTH" 0 4 3, +C4<00000000000000000000000000010000>;
P_0x632b1faa9500 .param/l "N" 0 4 2, +C4<00000000000000000000000000000100>;
L_0x632b1fad38a0 .functor BUFZ 1, v0x632b1facda90_0, C4<0>, C4<0>, C4<0>;
v0x632b1facfb40_0 .array/port v0x632b1facfb40, 0;
v0x632b1facdf20 .array "a_in_row", 3 0;
v0x632b1facdf20_0 .net v0x632b1facdf20 0, 15 0, v0x632b1facfb40_0; 1 drivers
v0x632b1facfb40_1 .array/port v0x632b1facfb40, 1;
v0x632b1facdf20_1 .net v0x632b1facdf20 1, 15 0, v0x632b1facfb40_1; 1 drivers
v0x632b1facfb40_2 .array/port v0x632b1facfb40, 2;
v0x632b1facdf20_2 .net v0x632b1facdf20 2, 15 0, v0x632b1facfb40_2; 1 drivers
v0x632b1facfb40_3 .array/port v0x632b1facfb40, 3;
v0x632b1facdf20_3 .net v0x632b1facdf20 3, 15 0, v0x632b1facfb40_3; 1 drivers
v0x632b1face050 .array "a_wire", 15 0;
v0x632b1face050_0 .net v0x632b1face050 0, 15 0, v0x632b1fa754c0_0; 1 drivers
v0x632b1face050_1 .net v0x632b1face050 1, 15 0, v0x632b1fabcf80_0; 1 drivers
v0x632b1face050_2 .net v0x632b1face050 2, 15 0, v0x632b1fabe160_0; 1 drivers
v0x632b1face050_3 .net v0x632b1face050 3, 15 0, v0x632b1fabf3b0_0; 1 drivers
v0x632b1face050_4 .net v0x632b1face050 4, 15 0, v0x632b1fac08a0_0; 1 drivers
v0x632b1face050_5 .net v0x632b1face050 5, 15 0, v0x632b1fac1b30_0; 1 drivers
v0x632b1face050_6 .net v0x632b1face050 6, 15 0, v0x632b1fac2d50_0; 1 drivers
v0x632b1face050_7 .net v0x632b1face050 7, 15 0, v0x632b1fac3f60_0; 1 drivers
v0x632b1face050_8 .net v0x632b1face050 8, 15 0, v0x632b1fac5460_0; 1 drivers
v0x632b1face050_9 .net v0x632b1face050 9, 15 0, v0x632b1fac65e0_0; 1 drivers
v0x632b1face050_10 .net v0x632b1face050 10, 15 0, v0x632b1fac7770_0; 1 drivers
v0x632b1face050_11 .net v0x632b1face050 11, 15 0, v0x632b1fac8980_0; 1 drivers
v0x632b1face050_12 .net v0x632b1face050 12, 15 0, v0x632b1fac9e70_0; 1 drivers
v0x632b1face050_13 .net v0x632b1face050 13, 15 0, v0x632b1facb080_0; 1 drivers
v0x632b1face050_14 .net v0x632b1face050 14, 15 0, v0x632b1facc2a0_0; 1 drivers
v0x632b1face050_15 .net v0x632b1face050 15, 15 0, v0x632b1facd4b0_0; 1 drivers
v0x632b1facfcb0_0 .array/port v0x632b1facfcb0, 0;
v0x632b1face4a0 .array "b_in_col", 3 0;
v0x632b1face4a0_0 .net v0x632b1face4a0 0, 15 0, v0x632b1facfcb0_0; 1 drivers
v0x632b1facfcb0_1 .array/port v0x632b1facfcb0, 1;
v0x632b1face4a0_1 .net v0x632b1face4a0 1, 15 0, v0x632b1facfcb0_1; 1 drivers
v0x632b1facfcb0_2 .array/port v0x632b1facfcb0, 2;
v0x632b1face4a0_2 .net v0x632b1face4a0 2, 15 0, v0x632b1facfcb0_2; 1 drivers
v0x632b1facfcb0_3 .array/port v0x632b1facfcb0, 3;
v0x632b1face4a0_3 .net v0x632b1face4a0 3, 15 0, v0x632b1facfcb0_3; 1 drivers
v0x632b1face5a0 .array "b_wire", 15 0;
v0x632b1face5a0_0 .net v0x632b1face5a0 0, 15 0, v0x632b1fa6ecb0_0; 1 drivers
v0x632b1face5a0_1 .net v0x632b1face5a0 1, 15 0, v0x632b1fabd120_0; 1 drivers
v0x632b1face5a0_2 .net v0x632b1face5a0 2, 15 0, v0x632b1fabe330_0; 1 drivers
v0x632b1face5a0_3 .net v0x632b1face5a0 3, 15 0, v0x632b1fabf580_0; 1 drivers
v0x632b1face5a0_4 .net v0x632b1face5a0 4, 15 0, v0x632b1fac0a70_0; 1 drivers
v0x632b1face5a0_5 .net v0x632b1face5a0 5, 15 0, v0x632b1fac1d00_0; 1 drivers
v0x632b1face5a0_6 .net v0x632b1face5a0 6, 15 0, v0x632b1fac2f20_0; 1 drivers
v0x632b1face5a0_7 .net v0x632b1face5a0 7, 15 0, v0x632b1fac4130_0; 1 drivers
v0x632b1face5a0_8 .net v0x632b1face5a0 8, 15 0, v0x632b1fac5630_0; 1 drivers
v0x632b1face5a0_9 .net v0x632b1face5a0 9, 15 0, v0x632b1fac67b0_0; 1 drivers
v0x632b1face5a0_10 .net v0x632b1face5a0 10, 15 0, v0x632b1fac7940_0; 1 drivers
v0x632b1face5a0_11 .net v0x632b1face5a0 11, 15 0, v0x632b1fac8b50_0; 1 drivers
v0x632b1face5a0_12 .net v0x632b1face5a0 12, 15 0, v0x632b1faca040_0; 1 drivers
v0x632b1face5a0_13 .net v0x632b1face5a0 13, 15 0, v0x632b1facb250_0; 1 drivers
v0x632b1face5a0_14 .net v0x632b1face5a0 14, 15 0, v0x632b1facc470_0; 1 drivers
v0x632b1face5a0_15 .net v0x632b1face5a0 15, 15 0, v0x632b1facd680_0; 1 drivers
v0x632b1face9d0 .array "c_out", 15 0;
v0x632b1face9d0_0 .net v0x632b1face9d0 0, 31 0, v0x632b1fa6b8c0_0; 1 drivers
v0x632b1face9d0_1 .net v0x632b1face9d0 1, 31 0, v0x632b1fabd200_0; 1 drivers
v0x632b1face9d0_2 .net v0x632b1face9d0 2, 31 0, v0x632b1fabe410_0; 1 drivers
v0x632b1face9d0_3 .net v0x632b1face9d0 3, 31 0, v0x632b1fabf660_0; 1 drivers
v0x632b1face9d0_4 .net v0x632b1face9d0 4, 31 0, v0x632b1fac0b50_0; 1 drivers
v0x632b1face9d0_5 .net v0x632b1face9d0 5, 31 0, v0x632b1fac1de0_0; 1 drivers
v0x632b1face9d0_6 .net v0x632b1face9d0 6, 31 0, v0x632b1fac3000_0; 1 drivers
v0x632b1face9d0_7 .net v0x632b1face9d0 7, 31 0, v0x632b1fac4210_0; 1 drivers
v0x632b1face9d0_8 .net v0x632b1face9d0 8, 31 0, v0x632b1fac5710_0; 1 drivers
v0x632b1face9d0_9 .net v0x632b1face9d0 9, 31 0, v0x632b1fac6890_0; 1 drivers
v0x632b1face9d0_10 .net v0x632b1face9d0 10, 31 0, v0x632b1fac7a20_0; 1 drivers
v0x632b1face9d0_11 .net v0x632b1face9d0 11, 31 0, v0x632b1fac8c30_0; 1 drivers
v0x632b1face9d0_12 .net v0x632b1face9d0 12, 31 0, v0x632b1faca120_0; 1 drivers
v0x632b1face9d0_13 .net v0x632b1face9d0 13, 31 0, v0x632b1facb330_0; 1 drivers
v0x632b1face9d0_14 .net v0x632b1face9d0 14, 31 0, v0x632b1facc550_0; 1 drivers
v0x632b1face9d0_15 .net v0x632b1face9d0 15, 31 0, v0x632b1facd760_0; 1 drivers
v0x632b1facedd0_0 .net "clk", 0 0, v0x632b1facff20_0;  1 drivers
v0x632b1facf080_0 .net "reset", 0 0, v0x632b1fad0370_0;  1 drivers
v0x632b1facf330_0 .net "valid_in", 0 0, v0x632b1fad04b0_0;  1 drivers
v0x632b1facf3d0_0 .net "valid_out", 0 0, L_0x632b1fad38a0;  alias, 1 drivers
v0x632b1facf500 .array "valid_wire", 15 0;
v0x632b1facf500_0 .net v0x632b1facf500 0, 0 0, v0x632b1fabc330_0; 1 drivers
v0x632b1facf500_1 .net v0x632b1facf500 1, 0 0, v0x632b1fabd510_0; 1 drivers
v0x632b1facf500_2 .net v0x632b1facf500 2, 0 0, v0x632b1fabe7e0_0; 1 drivers
v0x632b1facf500_3 .net v0x632b1facf500 3, 0 0, v0x632b1fabf990_0; 1 drivers
v0x632b1facf500_4 .net v0x632b1facf500 4, 0 0, v0x632b1fac0f10_0; 1 drivers
v0x632b1facf500_5 .net v0x632b1facf500 5, 0 0, v0x632b1fac2110_0; 1 drivers
v0x632b1facf500_6 .net v0x632b1facf500 6, 0 0, v0x632b1fac3330_0; 1 drivers
v0x632b1facf500_7 .net v0x632b1facf500 7, 0 0, v0x632b1fac4540_0; 1 drivers
v0x632b1facf500_8 .net v0x632b1facf500 8, 0 0, v0x632b1fac5a40_0; 1 drivers
v0x632b1facf500_9 .net v0x632b1facf500 9, 0 0, v0x632b1fac6bc0_0; 1 drivers
v0x632b1facf500_10 .net v0x632b1facf500 10, 0 0, v0x632b1fac7d50_0; 1 drivers
v0x632b1facf500_11 .net v0x632b1facf500 11, 0 0, v0x632b1fac8f60_0; 1 drivers
v0x632b1facf500_12 .net v0x632b1facf500 12, 0 0, v0x632b1faca450_0; 1 drivers
v0x632b1facf500_13 .net v0x632b1facf500 13, 0 0, v0x632b1facb660_0; 1 drivers
v0x632b1facf500_14 .net v0x632b1facf500 14, 0 0, v0x632b1facc880_0; 1 drivers
v0x632b1facf500_15 .net v0x632b1facf500 15, 0 0, v0x632b1facda90_0; 1 drivers
S_0x632b1fa8d5b0 .scope generate, "rows[0]" "rows[0]" 4 22, 4 22 0, S_0x632b1fa909d0;
 .timescale -9 -12;
P_0x632b1fa670c0 .param/l "i" 0 4 22, +C4<00>;
S_0x632b1fa86da0 .scope generate, "cols[0]" "cols[0]" 4 23, 4 23 0, S_0x632b1fa8d5b0;
 .timescale -9 -12;
P_0x632b1fa94130 .param/l "j" 0 4 23, +C4<00>;
L_0x632b1fa7bbe0 .functor BUFZ 16, v0x632b1facfb40_0, C4<0000000000000000>, C4<0000000000000000>, C4<0000000000000000>;
L_0x632b1fa787c0 .functor BUFZ 16, v0x632b1facfcb0_0, C4<0000000000000000>, C4<0000000000000000>, C4<0000000000000000>;
L_0x632b1fa753a0 .functor BUFZ 1, v0x632b1fad04b0_0, C4<0>, C4<0>, C4<0>;
v0x632b1fabc5a0_0 .net "a_in_sel", 15 0, L_0x632b1fa7bbe0;  1 drivers
v0x632b1fabc680_0 .net "b_in_sel", 15 0, L_0x632b1fa787c0;  1 drivers
v0x632b1fabc720_0 .net "valid_in_sel", 0 0, L_0x632b1fa753a0;  1 drivers
S_0x632b1fa80550 .scope module, "pe" "PE" 4 45, 5 1 0, S_0x632b1fa86da0;
 .timescale -9 -12;
    .port_info 0 /INPUT 1 "clk";
    .port_info 1 /INPUT 1 "reset";
    .port_info 2 /INPUT 16 "a_in";
    .port_info 3 /INPUT 16 "b_in";
    .port_info 4 /INPUT 1 "valid_in";
    .port_info 5 /OUTPUT 1 "valid_out";
    .port_info 6 /OUTPUT 16 "a_out";
    .port_info 7 /OUTPUT 16 "b_out";
    .port_info 8 /OUTPUT 32 "c_out";
P_0x632b1fa8a4d0 .param/l "DATA_WIDTH" 0 5 2, +C4<00000000000000000000000000010000>;
v0x632b1fa788e0_0 .net "a_in", 15 0, L_0x632b1fa7bbe0;  alias, 1 drivers
v0x632b1fa754c0_0 .var "a_out", 15 0;
v0x632b1fa720a0_0 .net "b_in", 15 0, L_0x632b1fa787c0;  alias, 1 drivers
v0x632b1fa6ecb0_0 .var "b_out", 15 0;
v0x632b1fa6b8c0_0 .var "c_out", 31 0;
v0x632b1fa684d0_0 .net "clk", 0 0, v0x632b1facff20_0;  alias, 1 drivers
v0x632b1faac020_0 .net "reset", 0 0, v0x632b1fad0370_0;  alias, 1 drivers
v0x632b1fabc270_0 .net "valid_in", 0 0, L_0x632b1fa753a0;  alias, 1 drivers
v0x632b1fabc330_0 .var "valid_out", 0 0;
E_0x632b1fa0ef30 .event posedge, v0x632b1fa684d0_0;
S_0x632b1fabc7c0 .scope generate, "cols[1]" "cols[1]" 4 23, 4 23 0, S_0x632b1fa8d5b0;
 .timescale -9 -12;
P_0x632b1fabc9a0 .param/l "j" 0 4 23, +C4<01>;
L_0x632b1fa71f80 .functor BUFZ 16, v0x632b1fa754c0_0, C4<0000000000000000>, C4<0000000000000000>, C4<0000000000000000>;
L_0x632b1fa6eb90 .functor BUFZ 16, v0x632b1facfcb0_1, C4<0000000000000000>, C4<0000000000000000>, C4<0000000000000000>;
L_0x632b1fa6b7a0 .functor BUFZ 1, v0x632b1fabc330_0, C4<0>, C4<0>, C4<0>;
v0x632b1fabd6d0_0 .net "a_in_sel", 15 0, L_0x632b1fa71f80;  1 drivers
v0x632b1fabd7e0_0 .net "b_in_sel", 15 0, L_0x632b1fa6eb90;  1 drivers
v0x632b1fabd8b0_0 .net "valid_in_sel", 0 0, L_0x632b1fa6b7a0;  1 drivers
S_0x632b1fabca40 .scope module, "pe" "PE" 4 45, 5 1 0, S_0x632b1fabc7c0;
 .timescale -9 -12;
    .port_info 0 /INPUT 1 "clk";
    .port_info 1 /INPUT 1 "reset";
    .port_info 2 /INPUT 16 "a_in";
    .port_info 3 /INPUT 16 "b_in";
    .port_info 4 /INPUT 1 "valid_in";
    .port_info 5 /OUTPUT 1 "valid_out";
    .port_info 6 /OUTPUT 16 "a_out";
    .port_info 7 /OUTPUT 16 "b_out";
    .port_info 8 /OUTPUT 32 "c_out";
P_0x632b1fabcc20 .param/l "DATA_WIDTH" 0 5 2, +C4<00000000000000000000000000010000>;
v0x632b1fabce80_0 .net "a_in", 15 0, L_0x632b1fa71f80;  alias, 1 drivers
v0x632b1fabcf80_0 .var "a_out", 15 0;
v0x632b1fabd060_0 .net "b_in", 15 0, L_0x632b1fa6eb90;  alias, 1 drivers
v0x632b1fabd120_0 .var "b_out", 15 0;
v0x632b1fabd200_0 .var "c_out", 31 0;
v0x632b1fabd330_0 .net "clk", 0 0, v0x632b1facff20_0;  alias, 1 drivers
v0x632b1fabd3d0_0 .net "reset", 0 0, v0x632b1fad0370_0;  alias, 1 drivers
v0x632b1fabd470_0 .net "valid_in", 0 0, L_0x632b1fa6b7a0;  alias, 1 drivers
v0x632b1fabd510_0 .var "valid_out", 0 0;
S_0x632b1fabd9b0 .scope generate, "cols[2]" "cols[2]" 4 23, 4 23 0, S_0x632b1fa8d5b0;
 .timescale -9 -12;
P_0x632b1fabdb70 .param/l "j" 0 4 23, +C4<010>;
L_0x632b1fa683b0 .functor BUFZ 16, v0x632b1fabcf80_0, C4<0000000000000000>, C4<0000000000000000>, C4<0000000000000000>;
L_0x632b1fad0970 .functor BUFZ 16, v0x632b1facfcb0_2, C4<0000000000000000>, C4<0000000000000000>, C4<0000000000000000>;
L_0x632b1fad0a50 .functor BUFZ 1, v0x632b1fabd510_0, C4<0>, C4<0>, C4<0>;
v0x632b1fabe9c0_0 .net "a_in_sel", 15 0, L_0x632b1fa683b0;  1 drivers
v0x632b1fabeaa0_0 .net "b_in_sel", 15 0, L_0x632b1fad0970;  1 drivers
v0x632b1fabeb40_0 .net "valid_in_sel", 0 0, L_0x632b1fad0a50;  1 drivers
S_0x632b1fabdc10 .scope module, "pe" "PE" 4 45, 5 1 0, S_0x632b1fabd9b0;
 .timescale -9 -12;
    .port_info 0 /INPUT 1 "clk";
    .port_info 1 /INPUT 1 "reset";
    .port_info 2 /INPUT 16 "a_in";
    .port_info 3 /INPUT 16 "b_in";
    .port_info 4 /INPUT 1 "valid_in";
    .port_info 5 /OUTPUT 1 "valid_out";
    .port_info 6 /OUTPUT 16 "a_out";
    .port_info 7 /OUTPUT 16 "b_out";
    .port_info 8 /OUTPUT 32 "c_out";
P_0x632b1fabddf0 .param/l "DATA_WIDTH" 0 5 2, +C4<00000000000000000000000000010000>;
v0x632b1fabe080_0 .net "a_in", 15 0, L_0x632b1fa683b0;  alias, 1 drivers
v0x632b1fabe160_0 .var "a_out", 15 0;
v0x632b1fabe240_0 .net "b_in", 15 0, L_0x632b1fad0970;  alias, 1 drivers
v0x632b1fabe330_0 .var "b_out", 15 0;
v0x632b1fabe410_0 .var "c_out", 31 0;
v0x632b1fabe540_0 .net "clk", 0 0, v0x632b1facff20_0;  alias, 1 drivers
v0x632b1fabe630_0 .net "reset", 0 0, v0x632b1fad0370_0;  alias, 1 drivers
v0x632b1fabe720_0 .net "valid_in", 0 0, L_0x632b1fad0a50;  alias, 1 drivers
v0x632b1fabe7e0_0 .var "valid_out", 0 0;
S_0x632b1fabec10 .scope generate, "cols[3]" "cols[3]" 4 23, 4 23 0, S_0x632b1fa8d5b0;
 .timescale -9 -12;
P_0x632b1fabeda0 .param/l "j" 0 4 23, +C4<011>;
L_0x632b1fad0b60 .functor BUFZ 16, v0x632b1fabe160_0, C4<0000000000000000>, C4<0000000000000000>, C4<0000000000000000>;
L_0x632b1fad0cb0 .functor BUFZ 16, v0x632b1facfcb0_3, C4<0000000000000000>, C4<0000000000000000>, C4<0000000000000000>;
L_0x632b1fad0d90 .functor BUFZ 1, v0x632b1fabe7e0_0, C4<0>, C4<0>, C4<0>;
v0x632b1fabfb70_0 .net "a_in_sel", 15 0, L_0x632b1fad0b60;  1 drivers
v0x632b1fabfc50_0 .net "b_in_sel", 15 0, L_0x632b1fad0cb0;  1 drivers
v0x632b1fabfd20_0 .net "valid_in_sel", 0 0, L_0x632b1fad0d90;  1 drivers
S_0x632b1fabee40 .scope module, "pe" "PE" 4 45, 5 1 0, S_0x632b1fabec10;
 .timescale -9 -12;
    .port_info 0 /INPUT 1 "clk";
    .port_info 1 /INPUT 1 "reset";
    .port_info 2 /INPUT 16 "a_in";
    .port_info 3 /INPUT 16 "b_in";
    .port_info 4 /INPUT 1 "valid_in";
    .port_info 5 /OUTPUT 1 "valid_out";
    .port_info 6 /OUTPUT 16 "a_out";
    .port_info 7 /OUTPUT 16 "b_out";
    .port_info 8 /OUTPUT 32 "c_out";
P_0x632b1fabf020 .param/l "DATA_WIDTH" 0 5 2, +C4<00000000000000000000000000010000>;
v0x632b1fabf2b0_0 .net "a_in", 15 0, L_0x632b1fad0b60;  alias, 1 drivers
v0x632b1fabf3b0_0 .var "a_out", 15 0;
v0x632b1fabf490_0 .net "b_in", 15 0, L_0x632b1fad0cb0;  alias, 1 drivers
v0x632b1fabf580_0 .var "b_out", 15 0;
v0x632b1fabf660_0 .var "c_out", 31 0;
v0x632b1fabf790_0 .net "clk", 0 0, v0x632b1facff20_0;  alias, 1 drivers
v0x632b1fabf830_0 .net "reset", 0 0, v0x632b1fad0370_0;  alias, 1 drivers
v0x632b1fabf8d0_0 .net "valid_in", 0 0, L_0x632b1fad0d90;  alias, 1 drivers
v0x632b1fabf990_0 .var "valid_out", 0 0;
S_0x632b1fabfe20 .scope generate, "rows[1]" "rows[1]" 4 22, 4 22 0, S_0x632b1fa909d0;
 .timescale -9 -12;
P_0x632b1fabffb0 .param/l "i" 0 4 22, +C4<01>;
S_0x632b1fac0050 .scope generate, "cols[0]" "cols[0]" 4 23, 4 23 0, S_0x632b1fabfe20;
 .timescale -9 -12;
P_0x632b1fac0250 .param/l "j" 0 4 23, +C4<00>;
L_0x632b1fad0ea0 .functor BUFZ 16, v0x632b1facfb40_1, C4<0000000000000000>, C4<0000000000000000>, C4<0000000000000000>;
L_0x632b1fad0f80 .functor BUFZ 16, v0x632b1fa6ecb0_0, C4<0000000000000000>, C4<0000000000000000>, C4<0000000000000000>;
L_0x632b1fad10b0 .functor BUFZ 1, v0x632b1fabc330_0, C4<0>, C4<0>, C4<0>;
v0x632b1fac1180_0 .net "a_in_sel", 15 0, L_0x632b1fad0ea0;  1 drivers
v0x632b1fac1260_0 .net "b_in_sel", 15 0, L_0x632b1fad0f80;  1 drivers
v0x632b1fac1330_0 .net "valid_in_sel", 0 0, L_0x632b1fad10b0;  1 drivers
S_0x632b1fac0330 .scope module, "pe" "PE" 4 45, 5 1 0, S_0x632b1fac0050;
 .timescale -9 -12;
    .port_info 0 /INPUT 1 "clk";
    .port_info 1 /INPUT 1 "reset";
    .port_info 2 /INPUT 16 "a_in";
    .port_info 3 /INPUT 16 "b_in";
    .port_info 4 /INPUT 1 "valid_in";
    .port_info 5 /OUTPUT 1 "valid_out";
    .port_info 6 /OUTPUT 16 "a_out";
    .port_info 7 /OUTPUT 16 "b_out";
    .port_info 8 /OUTPUT 32 "c_out";
P_0x632b1fac0510 .param/l "DATA_WIDTH" 0 5 2, +C4<00000000000000000000000000010000>;
v0x632b1fac07a0_0 .net "a_in", 15 0, L_0x632b1fad0ea0;  alias, 1 drivers
v0x632b1fac08a0_0 .var "a_out", 15 0;
v0x632b1fac0980_0 .net "b_in", 15 0, L_0x632b1fad0f80;  alias, 1 drivers
v0x632b1fac0a70_0 .var "b_out", 15 0;
v0x632b1fac0b50_0 .var "c_out", 31 0;
v0x632b1fac0c80_0 .net "clk", 0 0, v0x632b1facff20_0;  alias, 1 drivers
v0x632b1fac0d20_0 .net "reset", 0 0, v0x632b1fad0370_0;  alias, 1 drivers
v0x632b1fac0e50_0 .net "valid_in", 0 0, L_0x632b1fad10b0;  alias, 1 drivers
v0x632b1fac0f10_0 .var "valid_out", 0 0;
S_0x632b1fac1430 .scope generate, "cols[1]" "cols[1]" 4 23, 4 23 0, S_0x632b1fabfe20;
 .timescale -9 -12;
P_0x632b1fabe6d0 .param/l "j" 0 4 23, +C4<01>;
L_0x632b1fad1190 .functor BUFZ 16, v0x632b1fac08a0_0, C4<0000000000000000>, C4<0000000000000000>, C4<0000000000000000>;
L_0x632b1fad12e0 .functor BUFZ 16, v0x632b1fabd120_0, C4<0000000000000000>, C4<0000000000000000>, C4<0000000000000000>;
L_0x632b1fad1410 .functor BUFZ 1, v0x632b1fac0f10_0, C4<0>, C4<0>, C4<0>;
v0x632b1fac22f0_0 .net "a_in_sel", 15 0, L_0x632b1fad1190;  1 drivers
v0x632b1fac23d0_0 .net "b_in_sel", 15 0, L_0x632b1fad12e0;  1 drivers
v0x632b1fac24a0_0 .net "valid_in_sel", 0 0, L_0x632b1fad1410;  1 drivers
S_0x632b1fac1610 .scope module, "pe" "PE" 4 45, 5 1 0, S_0x632b1fac1430;
 .timescale -9 -12;
    .port_info 0 /INPUT 1 "clk";
    .port_info 1 /INPUT 1 "reset";
    .port_info 2 /INPUT 16 "a_in";
    .port_info 3 /INPUT 16 "b_in";
    .port_info 4 /INPUT 1 "valid_in";
    .port_info 5 /OUTPUT 1 "valid_out";
    .port_info 6 /OUTPUT 16 "a_out";
    .port_info 7 /OUTPUT 16 "b_out";
    .port_info 8 /OUTPUT 32 "c_out";
P_0x632b1fac17a0 .param/l "DATA_WIDTH" 0 5 2, +C4<00000000000000000000000000010000>;
v0x632b1fac1a30_0 .net "a_in", 15 0, L_0x632b1fad1190;  alias, 1 drivers
v0x632b1fac1b30_0 .var "a_out", 15 0;
v0x632b1fac1c10_0 .net "b_in", 15 0, L_0x632b1fad12e0;  alias, 1 drivers
v0x632b1fac1d00_0 .var "b_out", 15 0;
v0x632b1fac1de0_0 .var "c_out", 31 0;
v0x632b1fac1f10_0 .net "clk", 0 0, v0x632b1facff20_0;  alias, 1 drivers
v0x632b1fac1fb0_0 .net "reset", 0 0, v0x632b1fad0370_0;  alias, 1 drivers
v0x632b1fac2050_0 .net "valid_in", 0 0, L_0x632b1fad1410;  alias, 1 drivers
v0x632b1fac2110_0 .var "valid_out", 0 0;
S_0x632b1fac25a0 .scope generate, "cols[2]" "cols[2]" 4 23, 4 23 0, S_0x632b1fabfe20;
 .timescale -9 -12;
P_0x632b1fac2760 .param/l "j" 0 4 23, +C4<010>;
L_0x632b1fad1540 .functor BUFZ 16, v0x632b1fac1b30_0, C4<0000000000000000>, C4<0000000000000000>, C4<0000000000000000>;
L_0x632b1fad1690 .functor BUFZ 16, v0x632b1fabe330_0, C4<0000000000000000>, C4<0000000000000000>, C4<0000000000000000>;
L_0x632b1fad17c0 .functor BUFZ 1, v0x632b1fac2110_0, C4<0>, C4<0>, C4<0>;
v0x632b1fac3510_0 .net "a_in_sel", 15 0, L_0x632b1fad1540;  1 drivers
v0x632b1fac35f0_0 .net "b_in_sel", 15 0, L_0x632b1fad1690;  1 drivers
v0x632b1fac36c0_0 .net "valid_in_sel", 0 0, L_0x632b1fad17c0;  1 drivers
S_0x632b1fac2800 .scope module, "pe" "PE" 4 45, 5 1 0, S_0x632b1fac25a0;
 .timescale -9 -12;
    .port_info 0 /INPUT 1 "clk";
    .port_info 1 /INPUT 1 "reset";
    .port_info 2 /INPUT 16 "a_in";
    .port_info 3 /INPUT 16 "b_in";
    .port_info 4 /INPUT 1 "valid_in";
    .port_info 5 /OUTPUT 1 "valid_out";
    .port_info 6 /OUTPUT 16 "a_out";
    .port_info 7 /OUTPUT 16 "b_out";
    .port_info 8 /OUTPUT 32 "c_out";
P_0x632b1fac29e0 .param/l "DATA_WIDTH" 0 5 2, +C4<00000000000000000000000000010000>;
v0x632b1fac2c70_0 .net "a_in", 15 0, L_0x632b1fad1540;  alias, 1 drivers
v0x632b1fac2d50_0 .var "a_out", 15 0;
v0x632b1fac2e30_0 .net "b_in", 15 0, L_0x632b1fad1690;  alias, 1 drivers
v0x632b1fac2f20_0 .var "b_out", 15 0;
v0x632b1fac3000_0 .var "c_out", 31 0;
v0x632b1fac3130_0 .net "clk", 0 0, v0x632b1facff20_0;  alias, 1 drivers
v0x632b1fac31d0_0 .net "reset", 0 0, v0x632b1fad0370_0;  alias, 1 drivers
v0x632b1fac3270_0 .net "valid_in", 0 0, L_0x632b1fad17c0;  alias, 1 drivers
v0x632b1fac3330_0 .var "valid_out", 0 0;
S_0x632b1fac37c0 .scope generate, "cols[3]" "cols[3]" 4 23, 4 23 0, S_0x632b1fabfe20;
 .timescale -9 -12;
P_0x632b1fac3950 .param/l "j" 0 4 23, +C4<011>;
L_0x632b1fad18f0 .functor BUFZ 16, v0x632b1fac2d50_0, C4<0000000000000000>, C4<0000000000000000>, C4<0000000000000000>;
L_0x632b1fad1a40 .functor BUFZ 16, v0x632b1fabf580_0, C4<0000000000000000>, C4<0000000000000000>, C4<0000000000000000>;
L_0x632b1fad1b70 .functor BUFZ 1, v0x632b1fac3330_0, C4<0>, C4<0>, C4<0>;
v0x632b1fac4720_0 .net "a_in_sel", 15 0, L_0x632b1fad18f0;  1 drivers
v0x632b1fac4800_0 .net "b_in_sel", 15 0, L_0x632b1fad1a40;  1 drivers
v0x632b1fac48d0_0 .net "valid_in_sel", 0 0, L_0x632b1fad1b70;  1 drivers
S_0x632b1fac39f0 .scope module, "pe" "PE" 4 45, 5 1 0, S_0x632b1fac37c0;
 .timescale -9 -12;
    .port_info 0 /INPUT 1 "clk";
    .port_info 1 /INPUT 1 "reset";
    .port_info 2 /INPUT 16 "a_in";
    .port_info 3 /INPUT 16 "b_in";
    .port_info 4 /INPUT 1 "valid_in";
    .port_info 5 /OUTPUT 1 "valid_out";
    .port_info 6 /OUTPUT 16 "a_out";
    .port_info 7 /OUTPUT 16 "b_out";
    .port_info 8 /OUTPUT 32 "c_out";
P_0x632b1fac3bd0 .param/l "DATA_WIDTH" 0 5 2, +C4<00000000000000000000000000010000>;
v0x632b1fac3e60_0 .net "a_in", 15 0, L_0x632b1fad18f0;  alias, 1 drivers
v0x632b1fac3f60_0 .var "a_out", 15 0;
v0x632b1fac4040_0 .net "b_in", 15 0, L_0x632b1fad1a40;  alias, 1 drivers
v0x632b1fac4130_0 .var "b_out", 15 0;
v0x632b1fac4210_0 .var "c_out", 31 0;
v0x632b1fac4340_0 .net "clk", 0 0, v0x632b1facff20_0;  alias, 1 drivers
v0x632b1fac43e0_0 .net "reset", 0 0, v0x632b1fad0370_0;  alias, 1 drivers
v0x632b1fac4480_0 .net "valid_in", 0 0, L_0x632b1fad1b70;  alias, 1 drivers
v0x632b1fac4540_0 .var "valid_out", 0 0;
S_0x632b1fac49d0 .scope generate, "rows[2]" "rows[2]" 4 22, 4 22 0, S_0x632b1fa909d0;
 .timescale -9 -12;
P_0x632b1fac4b90 .param/l "i" 0 4 22, +C4<010>;
S_0x632b1fac4c30 .scope generate, "cols[0]" "cols[0]" 4 23, 4 23 0, S_0x632b1fac49d0;
 .timescale -9 -12;
P_0x632b1fac4e10 .param/l "j" 0 4 23, +C4<00>;
L_0x632b1fad1ca0 .functor BUFZ 16, v0x632b1facfb40_2, C4<0000000000000000>, C4<0000000000000000>, C4<0000000000000000>;
L_0x632b1fad1d80 .functor BUFZ 16, v0x632b1fac0a70_0, C4<0000000000000000>, C4<0000000000000000>, C4<0000000000000000>;
L_0x632b1fad1eb0 .functor BUFZ 1, v0x632b1fac0f10_0, C4<0>, C4<0>, C4<0>;
v0x632b1fac5c20_0 .net "a_in_sel", 15 0, L_0x632b1fad1ca0;  1 drivers
v0x632b1fac5d00_0 .net "b_in_sel", 15 0, L_0x632b1fad1d80;  1 drivers
v0x632b1fac5dd0_0 .net "valid_in_sel", 0 0, L_0x632b1fad1eb0;  1 drivers
S_0x632b1fac4ef0 .scope module, "pe" "PE" 4 45, 5 1 0, S_0x632b1fac4c30;
 .timescale -9 -12;
    .port_info 0 /INPUT 1 "clk";
    .port_info 1 /INPUT 1 "reset";
    .port_info 2 /INPUT 16 "a_in";
    .port_info 3 /INPUT 16 "b_in";
    .port_info 4 /INPUT 1 "valid_in";
    .port_info 5 /OUTPUT 1 "valid_out";
    .port_info 6 /OUTPUT 16 "a_out";
    .port_info 7 /OUTPUT 16 "b_out";
    .port_info 8 /OUTPUT 32 "c_out";
P_0x632b1fac50d0 .param/l "DATA_WIDTH" 0 5 2, +C4<00000000000000000000000000010000>;
v0x632b1fac5360_0 .net "a_in", 15 0, L_0x632b1fad1ca0;  alias, 1 drivers
v0x632b1fac5460_0 .var "a_out", 15 0;
v0x632b1fac5540_0 .net "b_in", 15 0, L_0x632b1fad1d80;  alias, 1 drivers
v0x632b1fac5630_0 .var "b_out", 15 0;
v0x632b1fac5710_0 .var "c_out", 31 0;
v0x632b1fac5840_0 .net "clk", 0 0, v0x632b1facff20_0;  alias, 1 drivers
v0x632b1fac58e0_0 .net "reset", 0 0, v0x632b1fad0370_0;  alias, 1 drivers
v0x632b1fac5980_0 .net "valid_in", 0 0, L_0x632b1fad1eb0;  alias, 1 drivers
v0x632b1fac5a40_0 .var "valid_out", 0 0;
S_0x632b1fac5ed0 .scope generate, "cols[1]" "cols[1]" 4 23, 4 23 0, S_0x632b1fac49d0;
 .timescale -9 -12;
P_0x632b1fac6060 .param/l "j" 0 4 23, +C4<01>;
L_0x632b1fad1f90 .functor BUFZ 16, v0x632b1fac5460_0, C4<0000000000000000>, C4<0000000000000000>, C4<0000000000000000>;
L_0x632b1fad20e0 .functor BUFZ 16, v0x632b1fac1d00_0, C4<0000000000000000>, C4<0000000000000000>, C4<0000000000000000>;
L_0x632b1fad2210 .functor BUFZ 1, v0x632b1fac5a40_0, C4<0>, C4<0>, C4<0>;
v0x632b1fac6da0_0 .net "a_in_sel", 15 0, L_0x632b1fad1f90;  1 drivers
v0x632b1fac6e80_0 .net "b_in_sel", 15 0, L_0x632b1fad20e0;  1 drivers
v0x632b1fac6f50_0 .net "valid_in_sel", 0 0, L_0x632b1fad2210;  1 drivers
S_0x632b1fac6100 .scope module, "pe" "PE" 4 45, 5 1 0, S_0x632b1fac5ed0;
 .timescale -9 -12;
    .port_info 0 /INPUT 1 "clk";
    .port_info 1 /INPUT 1 "reset";
    .port_info 2 /INPUT 16 "a_in";
    .port_info 3 /INPUT 16 "b_in";
    .port_info 4 /INPUT 1 "valid_in";
    .port_info 5 /OUTPUT 1 "valid_out";
    .port_info 6 /OUTPUT 16 "a_out";
    .port_info 7 /OUTPUT 16 "b_out";
    .port_info 8 /OUTPUT 32 "c_out";
P_0x632b1fac62e0 .param/l "DATA_WIDTH" 0 5 2, +C4<00000000000000000000000000010000>;
v0x632b1fac64e0_0 .net "a_in", 15 0, L_0x632b1fad1f90;  alias, 1 drivers
v0x632b1fac65e0_0 .var "a_out", 15 0;
v0x632b1fac66c0_0 .net "b_in", 15 0, L_0x632b1fad20e0;  alias, 1 drivers
v0x632b1fac67b0_0 .var "b_out", 15 0;
v0x632b1fac6890_0 .var "c_out", 31 0;
v0x632b1fac69c0_0 .net "clk", 0 0, v0x632b1facff20_0;  alias, 1 drivers
v0x632b1fac6a60_0 .net "reset", 0 0, v0x632b1fad0370_0;  alias, 1 drivers
v0x632b1fac6b00_0 .net "valid_in", 0 0, L_0x632b1fad2210;  alias, 1 drivers
v0x632b1fac6bc0_0 .var "valid_out", 0 0;
S_0x632b1fac7050 .scope generate, "cols[2]" "cols[2]" 4 23, 4 23 0, S_0x632b1fac49d0;
 .timescale -9 -12;
P_0x632b1fac7210 .param/l "j" 0 4 23, +C4<010>;
L_0x632b1fad2340 .functor BUFZ 16, v0x632b1fac65e0_0, C4<0000000000000000>, C4<0000000000000000>, C4<0000000000000000>;
L_0x632b1fad2490 .functor BUFZ 16, v0x632b1fac2f20_0, C4<0000000000000000>, C4<0000000000000000>, C4<0000000000000000>;
L_0x632b1fad25c0 .functor BUFZ 1, v0x632b1fac6bc0_0, C4<0>, C4<0>, C4<0>;
v0x632b1fac7f30_0 .net "a_in_sel", 15 0, L_0x632b1fad2340;  1 drivers
v0x632b1fac8010_0 .net "b_in_sel", 15 0, L_0x632b1fad2490;  1 drivers
v0x632b1fac80e0_0 .net "valid_in_sel", 0 0, L_0x632b1fad25c0;  1 drivers
S_0x632b1fac72b0 .scope module, "pe" "PE" 4 45, 5 1 0, S_0x632b1fac7050;
 .timescale -9 -12;
    .port_info 0 /INPUT 1 "clk";
    .port_info 1 /INPUT 1 "reset";
    .port_info 2 /INPUT 16 "a_in";
    .port_info 3 /INPUT 16 "b_in";
    .port_info 4 /INPUT 1 "valid_in";
    .port_info 5 /OUTPUT 1 "valid_out";
    .port_info 6 /OUTPUT 16 "a_out";
    .port_info 7 /OUTPUT 16 "b_out";
    .port_info 8 /OUTPUT 32 "c_out";
P_0x632b1fac7490 .param/l "DATA_WIDTH" 0 5 2, +C4<00000000000000000000000000010000>;
v0x632b1fac7690_0 .net "a_in", 15 0, L_0x632b1fad2340;  alias, 1 drivers
v0x632b1fac7770_0 .var "a_out", 15 0;
v0x632b1fac7850_0 .net "b_in", 15 0, L_0x632b1fad2490;  alias, 1 drivers
v0x632b1fac7940_0 .var "b_out", 15 0;
v0x632b1fac7a20_0 .var "c_out", 31 0;
v0x632b1fac7b50_0 .net "clk", 0 0, v0x632b1facff20_0;  alias, 1 drivers
v0x632b1fac7bf0_0 .net "reset", 0 0, v0x632b1fad0370_0;  alias, 1 drivers
v0x632b1fac7c90_0 .net "valid_in", 0 0, L_0x632b1fad25c0;  alias, 1 drivers
v0x632b1fac7d50_0 .var "valid_out", 0 0;
S_0x632b1fac81e0 .scope generate, "cols[3]" "cols[3]" 4 23, 4 23 0, S_0x632b1fac49d0;
 .timescale -9 -12;
P_0x632b1fac8370 .param/l "j" 0 4 23, +C4<011>;
L_0x632b1fad26f0 .functor BUFZ 16, v0x632b1fac7770_0, C4<0000000000000000>, C4<0000000000000000>, C4<0000000000000000>;
L_0x632b1fad2840 .functor BUFZ 16, v0x632b1fac4130_0, C4<0000000000000000>, C4<0000000000000000>, C4<0000000000000000>;
L_0x632b1fad2970 .functor BUFZ 1, v0x632b1fac7d50_0, C4<0>, C4<0>, C4<0>;
v0x632b1fac9140_0 .net "a_in_sel", 15 0, L_0x632b1fad26f0;  1 drivers
v0x632b1fac9220_0 .net "b_in_sel", 15 0, L_0x632b1fad2840;  1 drivers
v0x632b1fac92f0_0 .net "valid_in_sel", 0 0, L_0x632b1fad2970;  1 drivers
S_0x632b1fac8410 .scope module, "pe" "PE" 4 45, 5 1 0, S_0x632b1fac81e0;
 .timescale -9 -12;
    .port_info 0 /INPUT 1 "clk";
    .port_info 1 /INPUT 1 "reset";
    .port_info 2 /INPUT 16 "a_in";
    .port_info 3 /INPUT 16 "b_in";
    .port_info 4 /INPUT 1 "valid_in";
    .port_info 5 /OUTPUT 1 "valid_out";
    .port_info 6 /OUTPUT 16 "a_out";
    .port_info 7 /OUTPUT 16 "b_out";
    .port_info 8 /OUTPUT 32 "c_out";
P_0x632b1fac85f0 .param/l "DATA_WIDTH" 0 5 2, +C4<00000000000000000000000000010000>;
v0x632b1fac8880_0 .net "a_in", 15 0, L_0x632b1fad26f0;  alias, 1 drivers
v0x632b1fac8980_0 .var "a_out", 15 0;
v0x632b1fac8a60_0 .net "b_in", 15 0, L_0x632b1fad2840;  alias, 1 drivers
v0x632b1fac8b50_0 .var "b_out", 15 0;
v0x632b1fac8c30_0 .var "c_out", 31 0;
v0x632b1fac8d60_0 .net "clk", 0 0, v0x632b1facff20_0;  alias, 1 drivers
v0x632b1fac8e00_0 .net "reset", 0 0, v0x632b1fad0370_0;  alias, 1 drivers
v0x632b1fac8ea0_0 .net "valid_in", 0 0, L_0x632b1fad2970;  alias, 1 drivers
v0x632b1fac8f60_0 .var "valid_out", 0 0;
S_0x632b1fac93f0 .scope generate, "rows[3]" "rows[3]" 4 22, 4 22 0, S_0x632b1fa909d0;
 .timescale -9 -12;
P_0x632b1fac9580 .param/l "i" 0 4 22, +C4<011>;
S_0x632b1fac9620 .scope generate, "cols[0]" "cols[0]" 4 23, 4 23 0, S_0x632b1fac93f0;
 .timescale -9 -12;
P_0x632b1fac9820 .param/l "j" 0 4 23, +C4<00>;
L_0x632b1fad2aa0 .functor BUFZ 16, v0x632b1facfb40_3, C4<0000000000000000>, C4<0000000000000000>, C4<0000000000000000>;
L_0x632b1fad2b80 .functor BUFZ 16, v0x632b1fac5630_0, C4<0000000000000000>, C4<0000000000000000>, C4<0000000000000000>;
L_0x632b1fad2cb0 .functor BUFZ 1, v0x632b1fac5a40_0, C4<0>, C4<0>, C4<0>;
v0x632b1faca630_0 .net "a_in_sel", 15 0, L_0x632b1fad2aa0;  1 drivers
v0x632b1faca710_0 .net "b_in_sel", 15 0, L_0x632b1fad2b80;  1 drivers
v0x632b1faca7e0_0 .net "valid_in_sel", 0 0, L_0x632b1fad2cb0;  1 drivers
S_0x632b1fac9900 .scope module, "pe" "PE" 4 45, 5 1 0, S_0x632b1fac9620;
 .timescale -9 -12;
    .port_info 0 /INPUT 1 "clk";
    .port_info 1 /INPUT 1 "reset";
    .port_info 2 /INPUT 16 "a_in";
    .port_info 3 /INPUT 16 "b_in";
    .port_info 4 /INPUT 1 "valid_in";
    .port_info 5 /OUTPUT 1 "valid_out";
    .port_info 6 /OUTPUT 16 "a_out";
    .port_info 7 /OUTPUT 16 "b_out";
    .port_info 8 /OUTPUT 32 "c_out";
P_0x632b1fac9ae0 .param/l "DATA_WIDTH" 0 5 2, +C4<00000000000000000000000000010000>;
v0x632b1fac9d70_0 .net "a_in", 15 0, L_0x632b1fad2aa0;  alias, 1 drivers
v0x632b1fac9e70_0 .var "a_out", 15 0;
v0x632b1fac9f50_0 .net "b_in", 15 0, L_0x632b1fad2b80;  alias, 1 drivers
v0x632b1faca040_0 .var "b_out", 15 0;
v0x632b1faca120_0 .var "c_out", 31 0;
v0x632b1faca250_0 .net "clk", 0 0, v0x632b1facff20_0;  alias, 1 drivers
v0x632b1faca2f0_0 .net "reset", 0 0, v0x632b1fad0370_0;  alias, 1 drivers
v0x632b1faca390_0 .net "valid_in", 0 0, L_0x632b1fad2cb0;  alias, 1 drivers
v0x632b1faca450_0 .var "valid_out", 0 0;
S_0x632b1faca8e0 .scope generate, "cols[1]" "cols[1]" 4 23, 4 23 0, S_0x632b1fac93f0;
 .timescale -9 -12;
P_0x632b1facaa70 .param/l "j" 0 4 23, +C4<01>;
L_0x632b1fad2d90 .functor BUFZ 16, v0x632b1fac9e70_0, C4<0000000000000000>, C4<0000000000000000>, C4<0000000000000000>;
L_0x632b1fad2ee0 .functor BUFZ 16, v0x632b1fac67b0_0, C4<0000000000000000>, C4<0000000000000000>, C4<0000000000000000>;
L_0x632b1fad3010 .functor BUFZ 1, v0x632b1faca450_0, C4<0>, C4<0>, C4<0>;
v0x632b1facb840_0 .net "a_in_sel", 15 0, L_0x632b1fad2d90;  1 drivers
v0x632b1facb920_0 .net "b_in_sel", 15 0, L_0x632b1fad2ee0;  1 drivers
v0x632b1facb9f0_0 .net "valid_in_sel", 0 0, L_0x632b1fad3010;  1 drivers
S_0x632b1facab10 .scope module, "pe" "PE" 4 45, 5 1 0, S_0x632b1faca8e0;
 .timescale -9 -12;
    .port_info 0 /INPUT 1 "clk";
    .port_info 1 /INPUT 1 "reset";
    .port_info 2 /INPUT 16 "a_in";
    .port_info 3 /INPUT 16 "b_in";
    .port_info 4 /INPUT 1 "valid_in";
    .port_info 5 /OUTPUT 1 "valid_out";
    .port_info 6 /OUTPUT 16 "a_out";
    .port_info 7 /OUTPUT 16 "b_out";
    .port_info 8 /OUTPUT 32 "c_out";
P_0x632b1facacf0 .param/l "DATA_WIDTH" 0 5 2, +C4<00000000000000000000000000010000>;
v0x632b1facaf80_0 .net "a_in", 15 0, L_0x632b1fad2d90;  alias, 1 drivers
v0x632b1facb080_0 .var "a_out", 15 0;
v0x632b1facb160_0 .net "b_in", 15 0, L_0x632b1fad2ee0;  alias, 1 drivers
v0x632b1facb250_0 .var "b_out", 15 0;
v0x632b1facb330_0 .var "c_out", 31 0;
v0x632b1facb460_0 .net "clk", 0 0, v0x632b1facff20_0;  alias, 1 drivers
v0x632b1facb500_0 .net "reset", 0 0, v0x632b1fad0370_0;  alias, 1 drivers
v0x632b1facb5a0_0 .net "valid_in", 0 0, L_0x632b1fad3010;  alias, 1 drivers
v0x632b1facb660_0 .var "valid_out", 0 0;
S_0x632b1facbaf0 .scope generate, "cols[2]" "cols[2]" 4 23, 4 23 0, S_0x632b1fac93f0;
 .timescale -9 -12;
P_0x632b1facbcb0 .param/l "j" 0 4 23, +C4<010>;
L_0x632b1fad3140 .functor BUFZ 16, v0x632b1facb080_0, C4<0000000000000000>, C4<0000000000000000>, C4<0000000000000000>;
L_0x632b1fad3290 .functor BUFZ 16, v0x632b1fac7940_0, C4<0000000000000000>, C4<0000000000000000>, C4<0000000000000000>;
L_0x632b1fad33c0 .functor BUFZ 1, v0x632b1facb660_0, C4<0>, C4<0>, C4<0>;
v0x632b1facca60_0 .net "a_in_sel", 15 0, L_0x632b1fad3140;  1 drivers
v0x632b1faccb40_0 .net "b_in_sel", 15 0, L_0x632b1fad3290;  1 drivers
v0x632b1faccc10_0 .net "valid_in_sel", 0 0, L_0x632b1fad33c0;  1 drivers
S_0x632b1facbd50 .scope module, "pe" "PE" 4 45, 5 1 0, S_0x632b1facbaf0;
 .timescale -9 -12;
    .port_info 0 /INPUT 1 "clk";
    .port_info 1 /INPUT 1 "reset";
    .port_info 2 /INPUT 16 "a_in";
    .port_info 3 /INPUT 16 "b_in";
    .port_info 4 /INPUT 1 "valid_in";
    .port_info 5 /OUTPUT 1 "valid_out";
    .port_info 6 /OUTPUT 16 "a_out";
    .port_info 7 /OUTPUT 16 "b_out";
    .port_info 8 /OUTPUT 32 "c_out";
P_0x632b1facbf30 .param/l "DATA_WIDTH" 0 5 2, +C4<00000000000000000000000000010000>;
v0x632b1facc1c0_0 .net "a_in", 15 0, L_0x632b1fad3140;  alias, 1 drivers
v0x632b1facc2a0_0 .var "a_out", 15 0;
v0x632b1facc380_0 .net "b_in", 15 0, L_0x632b1fad3290;  alias, 1 drivers
v0x632b1facc470_0 .var "b_out", 15 0;
v0x632b1facc550_0 .var "c_out", 31 0;
v0x632b1facc680_0 .net "clk", 0 0, v0x632b1facff20_0;  alias, 1 drivers
v0x632b1facc720_0 .net "reset", 0 0, v0x632b1fad0370_0;  alias, 1 drivers
v0x632b1facc7c0_0 .net "valid_in", 0 0, L_0x632b1fad33c0;  alias, 1 drivers
v0x632b1facc880_0 .var "valid_out", 0 0;
S_0x632b1faccd10 .scope generate, "cols[3]" "cols[3]" 4 23, 4 23 0, S_0x632b1fac93f0;
 .timescale -9 -12;
P_0x632b1faccea0 .param/l "j" 0 4 23, +C4<011>;
L_0x632b1fad34f0 .functor BUFZ 16, v0x632b1facc2a0_0, C4<0000000000000000>, C4<0000000000000000>, C4<0000000000000000>;
L_0x632b1fad3640 .functor BUFZ 16, v0x632b1fac8b50_0, C4<0000000000000000>, C4<0000000000000000>, C4<0000000000000000>;
L_0x632b1fad3770 .functor BUFZ 1, v0x632b1facc880_0, C4<0>, C4<0>, C4<0>;
v0x632b1facdc70_0 .net "a_in_sel", 15 0, L_0x632b1fad34f0;  1 drivers
v0x632b1facdd50_0 .net "b_in_sel", 15 0, L_0x632b1fad3640;  1 drivers
v0x632b1facde20_0 .net "valid_in_sel", 0 0, L_0x632b1fad3770;  1 drivers
S_0x632b1faccf40 .scope module, "pe" "PE" 4 45, 5 1 0, S_0x632b1faccd10;
 .timescale -9 -12;
    .port_info 0 /INPUT 1 "clk";
    .port_info 1 /INPUT 1 "reset";
    .port_info 2 /INPUT 16 "a_in";
    .port_info 3 /INPUT 16 "b_in";
    .port_info 4 /INPUT 1 "valid_in";
    .port_info 5 /OUTPUT 1 "valid_out";
    .port_info 6 /OUTPUT 16 "a_out";
    .port_info 7 /OUTPUT 16 "b_out";
    .port_info 8 /OUTPUT 32 "c_out";
P_0x632b1facd120 .param/l "DATA_WIDTH" 0 5 2, +C4<00000000000000000000000000010000>;
v0x632b1facd3b0_0 .net "a_in", 15 0, L_0x632b1fad34f0;  alias, 1 drivers
v0x632b1facd4b0_0 .var "a_out", 15 0;
v0x632b1facd590_0 .net "b_in", 15 0, L_0x632b1fad3640;  alias, 1 drivers
v0x632b1facd680_0 .var "b_out", 15 0;
v0x632b1facd760_0 .var "c_out", 31 0;
v0x632b1facd890_0 .net "clk", 0 0, v0x632b1facff20_0;  alias, 1 drivers
v0x632b1facd930_0 .net "reset", 0 0, v0x632b1fad0370_0;  alias, 1 drivers
v0x632b1facd9d0_0 .net "valid_in", 0 0, L_0x632b1fad3770;  alias, 1 drivers
v0x632b1facda90_0 .var "valid_out", 0 0;
    .scope S_0x632b1fa80550;
T_0 ;
    %wait E_0x632b1fa0ef30;
    %load/vec4 v0x632b1faac020_0;
    %flag_set/vec4 8;
    %jmp/0xz  T_0.0, 8;
    %pushi/vec4 0, 0, 1;
    %assign/vec4 v0x632b1fabc330_0, 0;
    %pushi/vec4 0, 0, 16;
    %assign/vec4 v0x632b1fa754c0_0, 0;
    %pushi/vec4 0, 0, 16;
    %assign/vec4 v0x632b1fa6ecb0_0, 0;
    %pushi/vec4 0, 0, 32;
    %assign/vec4 v0x632b1fa6b8c0_0, 0;
T_0.0 ;
    %load/vec4 v0x632b1fabc270_0;
    %flag_set/vec4 8;
    %jmp/0xz  T_0.2, 8;
    %load/vec4 v0x632b1fa6b8c0_0;
    %load/vec4 v0x632b1fa788e0_0;
    %pad/u 32;
    %load/vec4 v0x632b1fa720a0_0;
    %pad/u 32;
    %mul;
    %add;
    %assign/vec4 v0x632b1fa6b8c0_0, 0;
    %load/vec4 v0x632b1fa788e0_0;
    %assign/vec4 v0x632b1fa754c0_0, 0;
    %load/vec4 v0x632b1fa720a0_0;
    %assign/vec4 v0x632b1fa6ecb0_0, 0;
T_0.2 ;
    %load/vec4 v0x632b1fabc270_0;
    %assign/vec4 v0x632b1fabc330_0, 0;
    %jmp T_0;
    .thread T_0;
    .scope S_0x632b1fabca40;
T_1 ;
    %wait E_0x632b1fa0ef30;
    %load/vec4 v0x632b1fabd3d0_0;
    %flag_set/vec4 8;
    %jmp/0xz  T_1.0, 8;
    %pushi/vec4 0, 0, 1;
    %assign/vec4 v0x632b1fabd510_0, 0;
    %pushi/vec4 0, 0, 16;
    %assign/vec4 v0x632b1fabcf80_0, 0;
    %pushi/vec4 0, 0, 16;
    %assign/vec4 v0x632b1fabd120_0, 0;
    %pushi/vec4 0, 0, 32;
    %assign/vec4 v0x632b1fabd200_0, 0;
T_1.0 ;
    %load/vec4 v0x632b1fabd470_0;
    %flag_set/vec4 8;
    %jmp/0xz  T_1.2, 8;
    %load/vec4 v0x632b1fabd200_0;
    %load/vec4 v0x632b1fabce80_0;
    %pad/u 32;
    %load/vec4 v0x632b1fabd060_0;
    %pad/u 32;
    %mul;
    %add;
    %assign/vec4 v0x632b1fabd200_0, 0;
    %load/vec4 v0x632b1fabce80_0;
    %assign/vec4 v0x632b1fabcf80_0, 0;
    %load/vec4 v0x632b1fabd060_0;
    %assign/vec4 v0x632b1fabd120_0, 0;
T_1.2 ;
    %load/vec4 v0x632b1fabd470_0;
    %assign/vec4 v0x632b1fabd510_0, 0;
    %jmp T_1;
    .thread T_1;
    .scope S_0x632b1fabdc10;
T_2 ;
    %wait E_0x632b1fa0ef30;
    %load/vec4 v0x632b1fabe630_0;
    %flag_set/vec4 8;
    %jmp/0xz  T_2.0, 8;
    %pushi/vec4 0, 0, 1;
    %assign/vec4 v0x632b1fabe7e0_0, 0;
    %pushi/vec4 0, 0, 16;
    %assign/vec4 v0x632b1fabe160_0, 0;
    %pushi/vec4 0, 0, 16;
    %assign/vec4 v0x632b1fabe330_0, 0;
    %pushi/vec4 0, 0, 32;
    %assign/vec4 v0x632b1fabe410_0, 0;
T_2.0 ;
    %load/vec4 v0x632b1fabe720_0;
    %flag_set/vec4 8;
    %jmp/0xz  T_2.2, 8;
    %load/vec4 v0x632b1fabe410_0;
    %load/vec4 v0x632b1fabe080_0;
    %pad/u 32;
    %load/vec4 v0x632b1fabe240_0;
    %pad/u 32;
    %mul;
    %add;
    %assign/vec4 v0x632b1fabe410_0, 0;
    %load/vec4 v0x632b1fabe080_0;
    %assign/vec4 v0x632b1fabe160_0, 0;
    %load/vec4 v0x632b1fabe240_0;
    %assign/vec4 v0x632b1fabe330_0, 0;
T_2.2 ;
    %load/vec4 v0x632b1fabe720_0;
    %assign/vec4 v0x632b1fabe7e0_0, 0;
    %jmp T_2;
    .thread T_2;
    .scope S_0x632b1fabee40;
T_3 ;
    %wait E_0x632b1fa0ef30;
    %load/vec4 v0x632b1fabf830_0;
    %flag_set/vec4 8;
    %jmp/0xz  T_3.0, 8;
    %pushi/vec4 0, 0, 1;
    %assign/vec4 v0x632b1fabf990_0, 0;
    %pushi/vec4 0, 0, 16;
    %assign/vec4 v0x632b1fabf3b0_0, 0;
    %pushi/vec4 0, 0, 16;
    %assign/vec4 v0x632b1fabf580_0, 0;
    %pushi/vec4 0, 0, 32;
    %assign/vec4 v0x632b1fabf660_0, 0;
T_3.0 ;
    %load/vec4 v0x632b1fabf8d0_0;
    %flag_set/vec4 8;
    %jmp/0xz  T_3.2, 8;
    %load/vec4 v0x632b1fabf660_0;
    %load/vec4 v0x632b1fabf2b0_0;
    %pad/u 32;
    %load/vec4 v0x632b1fabf490_0;
    %pad/u 32;
    %mul;
    %add;
    %assign/vec4 v0x632b1fabf660_0, 0;
    %load/vec4 v0x632b1fabf2b0_0;
    %assign/vec4 v0x632b1fabf3b0_0, 0;
    %load/vec4 v0x632b1fabf490_0;
    %assign/vec4 v0x632b1fabf580_0, 0;
T_3.2 ;
    %load/vec4 v0x632b1fabf8d0_0;
    %assign/vec4 v0x632b1fabf990_0, 0;
    %jmp T_3;
    .thread T_3;
    .scope S_0x632b1fac0330;
T_4 ;
    %wait E_0x632b1fa0ef30;
    %load/vec4 v0x632b1fac0d20_0;
    %flag_set/vec4 8;
    %jmp/0xz  T_4.0, 8;
    %pushi/vec4 0, 0, 1;
    %assign/vec4 v0x632b1fac0f10_0, 0;
    %pushi/vec4 0, 0, 16;
    %assign/vec4 v0x632b1fac08a0_0, 0;
    %pushi/vec4 0, 0, 16;
    %assign/vec4 v0x632b1fac0a70_0, 0;
    %pushi/vec4 0, 0, 32;
    %assign/vec4 v0x632b1fac0b50_0, 0;
T_4.0 ;
    %load/vec4 v0x632b1fac0e50_0;
    %flag_set/vec4 8;
    %jmp/0xz  T_4.2, 8;
    %load/vec4 v0x632b1fac0b50_0;
    %load/vec4 v0x632b1fac07a0_0;
    %pad/u 32;
    %load/vec4 v0x632b1fac0980_0;
    %pad/u 32;
    %mul;
    %add;
    %assign/vec4 v0x632b1fac0b50_0, 0;
    %load/vec4 v0x632b1fac07a0_0;
    %assign/vec4 v0x632b1fac08a0_0, 0;
    %load/vec4 v0x632b1fac0980_0;
    %assign/vec4 v0x632b1fac0a70_0, 0;
T_4.2 ;
    %load/vec4 v0x632b1fac0e50_0;
    %assign/vec4 v0x632b1fac0f10_0, 0;
    %jmp T_4;
    .thread T_4;
    .scope S_0x632b1fac1610;
T_5 ;
    %wait E_0x632b1fa0ef30;
    %load/vec4 v0x632b1fac1fb0_0;
    %flag_set/vec4 8;
    %jmp/0xz  T_5.0, 8;
    %pushi/vec4 0, 0, 1;
    %assign/vec4 v0x632b1fac2110_0, 0;
    %pushi/vec4 0, 0, 16;
    %assign/vec4 v0x632b1fac1b30_0, 0;
    %pushi/vec4 0, 0, 16;
    %assign/vec4 v0x632b1fac1d00_0, 0;
    %pushi/vec4 0, 0, 32;
    %assign/vec4 v0x632b1fac1de0_0, 0;
T_5.0 ;
    %load/vec4 v0x632b1fac2050_0;
    %flag_set/vec4 8;
    %jmp/0xz  T_5.2, 8;
    %load/vec4 v0x632b1fac1de0_0;
    %load/vec4 v0x632b1fac1a30_0;
    %pad/u 32;
    %load/vec4 v0x632b1fac1c10_0;
    %pad/u 32;
    %mul;
    %add;
    %assign/vec4 v0x632b1fac1de0_0, 0;
    %load/vec4 v0x632b1fac1a30_0;
    %assign/vec4 v0x632b1fac1b30_0, 0;
    %load/vec4 v0x632b1fac1c10_0;
    %assign/vec4 v0x632b1fac1d00_0, 0;
T_5.2 ;
    %load/vec4 v0x632b1fac2050_0;
    %assign/vec4 v0x632b1fac2110_0, 0;
    %jmp T_5;
    .thread T_5;
    .scope S_0x632b1fac2800;
T_6 ;
    %wait E_0x632b1fa0ef30;
    %load/vec4 v0x632b1fac31d0_0;
    %flag_set/vec4 8;
    %jmp/0xz  T_6.0, 8;
    %pushi/vec4 0, 0, 1;
    %assign/vec4 v0x632b1fac3330_0, 0;
    %pushi/vec4 0, 0, 16;
    %assign/vec4 v0x632b1fac2d50_0, 0;
    %pushi/vec4 0, 0, 16;
    %assign/vec4 v0x632b1fac2f20_0, 0;
    %pushi/vec4 0, 0, 32;
    %assign/vec4 v0x632b1fac3000_0, 0;
T_6.0 ;
    %load/vec4 v0x632b1fac3270_0;
    %flag_set/vec4 8;
    %jmp/0xz  T_6.2, 8;
    %load/vec4 v0x632b1fac3000_0;
    %load/vec4 v0x632b1fac2c70_0;
    %pad/u 32;
    %load/vec4 v0x632b1fac2e30_0;
    %pad/u 32;
    %mul;
    %add;
    %assign/vec4 v0x632b1fac3000_0, 0;
    %load/vec4 v0x632b1fac2c70_0;
    %assign/vec4 v0x632b1fac2d50_0, 0;
    %load/vec4 v0x632b1fac2e30_0;
    %assign/vec4 v0x632b1fac2f20_0, 0;
T_6.2 ;
    %load/vec4 v0x632b1fac3270_0;
    %assign/vec4 v0x632b1fac3330_0, 0;
    %jmp T_6;
    .thread T_6;
    .scope S_0x632b1fac39f0;
T_7 ;
    %wait E_0x632b1fa0ef30;
    %load/vec4 v0x632b1fac43e0_0;
    %flag_set/vec4 8;
    %jmp/0xz  T_7.0, 8;
    %pushi/vec4 0, 0, 1;
    %assign/vec4 v0x632b1fac4540_0, 0;
    %pushi/vec4 0, 0, 16;
    %assign/vec4 v0x632b1fac3f60_0, 0;
    %pushi/vec4 0, 0, 16;
    %assign/vec4 v0x632b1fac4130_0, 0;
    %pushi/vec4 0, 0, 32;
    %assign/vec4 v0x632b1fac4210_0, 0;
T_7.0 ;
    %load/vec4 v0x632b1fac4480_0;
    %flag_set/vec4 8;
    %jmp/0xz  T_7.2, 8;
    %load/vec4 v0x632b1fac4210_0;
    %load/vec4 v0x632b1fac3e60_0;
    %pad/u 32;
    %load/vec4 v0x632b1fac4040_0;
    %pad/u 32;
    %mul;
    %add;
    %assign/vec4 v0x632b1fac4210_0, 0;
    %load/vec4 v0x632b1fac3e60_0;
    %assign/vec4 v0x632b1fac3f60_0, 0;
    %load/vec4 v0x632b1fac4040_0;
    %assign/vec4 v0x632b1fac4130_0, 0;
T_7.2 ;
    %load/vec4 v0x632b1fac4480_0;
    %assign/vec4 v0x632b1fac4540_0, 0;
    %jmp T_7;
    .thread T_7;
    .scope S_0x632b1fac4ef0;
T_8 ;
    %wait E_0x632b1fa0ef30;
    %load/vec4 v0x632b1fac58e0_0;
    %flag_set/vec4 8;
    %jmp/0xz  T_8.0, 8;
    %pushi/vec4 0, 0, 1;
    %assign/vec4 v0x632b1fac5a40_0, 0;
    %pushi/vec4 0, 0, 16;
    %assign/vec4 v0x632b1fac5460_0, 0;
    %pushi/vec4 0, 0, 16;
    %assign/vec4 v0x632b1fac5630_0, 0;
    %pushi/vec4 0, 0, 32;
    %assign/vec4 v0x632b1fac5710_0, 0;
T_8.0 ;
    %load/vec4 v0x632b1fac5980_0;
    %flag_set/vec4 8;
    %jmp/0xz  T_8.2, 8;
    %load/vec4 v0x632b1fac5710_0;
    %load/vec4 v0x632b1fac5360_0;
    %pad/u 32;
    %load/vec4 v0x632b1fac5540_0;
    %pad/u 32;
    %mul;
    %add;
    %assign/vec4 v0x632b1fac5710_0, 0;
    %load/vec4 v0x632b1fac5360_0;
    %assign/vec4 v0x632b1fac5460_0, 0;
    %load/vec4 v0x632b1fac5540_0;
    %assign/vec4 v0x632b1fac5630_0, 0;
T_8.2 ;
    %load/vec4 v0x632b1fac5980_0;
    %assign/vec4 v0x632b1fac5a40_0, 0;
    %jmp T_8;
    .thread T_8;
    .scope S_0x632b1fac6100;
T_9 ;
    %wait E_0x632b1fa0ef30;
    %load/vec4 v0x632b1fac6a60_0;
    %flag_set/vec4 8;
    %jmp/0xz  T_9.0, 8;
    %pushi/vec4 0, 0, 1;
    %assign/vec4 v0x632b1fac6bc0_0, 0;
    %pushi/vec4 0, 0, 16;
    %assign/vec4 v0x632b1fac65e0_0, 0;
    %pushi/vec4 0, 0, 16;
    %assign/vec4 v0x632b1fac67b0_0, 0;
    %pushi/vec4 0, 0, 32;
    %assign/vec4 v0x632b1fac6890_0, 0;
T_9.0 ;
    %load/vec4 v0x632b1fac6b00_0;
    %flag_set/vec4 8;
    %jmp/0xz  T_9.2, 8;
    %load/vec4 v0x632b1fac6890_0;
    %load/vec4 v0x632b1fac64e0_0;
    %pad/u 32;
    %load/vec4 v0x632b1fac66c0_0;
    %pad/u 32;
    %mul;
    %add;
    %assign/vec4 v0x632b1fac6890_0, 0;
    %load/vec4 v0x632b1fac64e0_0;
    %assign/vec4 v0x632b1fac65e0_0, 0;
    %load/vec4 v0x632b1fac66c0_0;
    %assign/vec4 v0x632b1fac67b0_0, 0;
T_9.2 ;
    %load/vec4 v0x632b1fac6b00_0;
    %assign/vec4 v0x632b1fac6bc0_0, 0;
    %jmp T_9;
    .thread T_9;
    .scope S_0x632b1fac72b0;
T_10 ;
    %wait E_0x632b1fa0ef30;
    %load/vec4 v0x632b1fac7bf0_0;
    %flag_set/vec4 8;
    %jmp/0xz  T_10.0, 8;
    %pushi/vec4 0, 0, 1;
    %assign/vec4 v0x632b1fac7d50_0, 0;
    %pushi/vec4 0, 0, 16;
    %assign/vec4 v0x632b1fac7770_0, 0;
    %pushi/vec4 0, 0, 16;
    %assign/vec4 v0x632b1fac7940_0, 0;
    %pushi/vec4 0, 0, 32;
    %assign/vec4 v0x632b1fac7a20_0, 0;
T_10.0 ;
    %load/vec4 v0x632b1fac7c90_0;
    %flag_set/vec4 8;
    %jmp/0xz  T_10.2, 8;
    %load/vec4 v0x632b1fac7a20_0;
    %load/vec4 v0x632b1fac7690_0;
    %pad/u 32;
    %load/vec4 v0x632b1fac7850_0;
    %pad/u 32;
    %mul;
    %add;
    %assign/vec4 v0x632b1fac7a20_0, 0;
    %load/vec4 v0x632b1fac7690_0;
    %assign/vec4 v0x632b1fac7770_0, 0;
    %load/vec4 v0x632b1fac7850_0;
    %assign/vec4 v0x632b1fac7940_0, 0;
T_10.2 ;
    %load/vec4 v0x632b1fac7c90_0;
    %assign/vec4 v0x632b1fac7d50_0, 0;
    %jmp T_10;
    .thread T_10;
    .scope S_0x632b1fac8410;
T_11 ;
    %wait E_0x632b1fa0ef30;
    %load/vec4 v0x632b1fac8e00_0;
    %flag_set/vec4 8;
    %jmp/0xz  T_11.0, 8;
    %pushi/vec4 0, 0, 1;
    %assign/vec4 v0x632b1fac8f60_0, 0;
    %pushi/vec4 0, 0, 16;
    %assign/vec4 v0x632b1fac8980_0, 0;
    %pushi/vec4 0, 0, 16;
    %assign/vec4 v0x632b1fac8b50_0, 0;
    %pushi/vec4 0, 0, 32;
    %assign/vec4 v0x632b1fac8c30_0, 0;
T_11.0 ;
    %load/vec4 v0x632b1fac8ea0_0;
    %flag_set/vec4 8;
    %jmp/0xz  T_11.2, 8;
    %load/vec4 v0x632b1fac8c30_0;
    %load/vec4 v0x632b1fac8880_0;
    %pad/u 32;
    %load/vec4 v0x632b1fac8a60_0;
    %pad/u 32;
    %mul;
    %add;
    %assign/vec4 v0x632b1fac8c30_0, 0;
    %load/vec4 v0x632b1fac8880_0;
    %assign/vec4 v0x632b1fac8980_0, 0;
    %load/vec4 v0x632b1fac8a60_0;
    %assign/vec4 v0x632b1fac8b50_0, 0;
T_11.2 ;
    %load/vec4 v0x632b1fac8ea0_0;
    %assign/vec4 v0x632b1fac8f60_0, 0;
    %jmp T_11;
    .thread T_11;
    .scope S_0x632b1fac9900;
T_12 ;
    %wait E_0x632b1fa0ef30;
    %load/vec4 v0x632b1faca2f0_0;
    %flag_set/vec4 8;
    %jmp/0xz  T_12.0, 8;
    %pushi/vec4 0, 0, 1;
    %assign/vec4 v0x632b1faca450_0, 0;
    %pushi/vec4 0, 0, 16;
    %assign/vec4 v0x632b1fac9e70_0, 0;
    %pushi/vec4 0, 0, 16;
    %assign/vec4 v0x632b1faca040_0, 0;
    %pushi/vec4 0, 0, 32;
    %assign/vec4 v0x632b1faca120_0, 0;
T_12.0 ;
    %load/vec4 v0x632b1faca390_0;
    %flag_set/vec4 8;
    %jmp/0xz  T_12.2, 8;
    %load/vec4 v0x632b1faca120_0;
    %load/vec4 v0x632b1fac9d70_0;
    %pad/u 32;
    %load/vec4 v0x632b1fac9f50_0;
    %pad/u 32;
    %mul;
    %add;
    %assign/vec4 v0x632b1faca120_0, 0;
    %load/vec4 v0x632b1fac9d70_0;
    %assign/vec4 v0x632b1fac9e70_0, 0;
    %load/vec4 v0x632b1fac9f50_0;
    %assign/vec4 v0x632b1faca040_0, 0;
T_12.2 ;
    %load/vec4 v0x632b1faca390_0;
    %assign/vec4 v0x632b1faca450_0, 0;
    %jmp T_12;
    .thread T_12;
    .scope S_0x632b1facab10;
T_13 ;
    %wait E_0x632b1fa0ef30;
    %load/vec4 v0x632b1facb500_0;
    %flag_set/vec4 8;
    %jmp/0xz  T_13.0, 8;
    %pushi/vec4 0, 0, 1;
    %assign/vec4 v0x632b1facb660_0, 0;
    %pushi/vec4 0, 0, 16;
    %assign/vec4 v0x632b1facb080_0, 0;
    %pushi/vec4 0, 0, 16;
    %assign/vec4 v0x632b1facb250_0, 0;
    %pushi/vec4 0, 0, 32;
    %assign/vec4 v0x632b1facb330_0, 0;
T_13.0 ;
    %load/vec4 v0x632b1facb5a0_0;
    %flag_set/vec4 8;
    %jmp/0xz  T_13.2, 8;
    %load/vec4 v0x632b1facb330_0;
    %load/vec4 v0x632b1facaf80_0;
    %pad/u 32;
    %load/vec4 v0x632b1facb160_0;
    %pad/u 32;
    %mul;
    %add;
    %assign/vec4 v0x632b1facb330_0, 0;
    %load/vec4 v0x632b1facaf80_0;
    %assign/vec4 v0x632b1facb080_0, 0;
    %load/vec4 v0x632b1facb160_0;
    %assign/vec4 v0x632b1facb250_0, 0;
T_13.2 ;
    %load/vec4 v0x632b1facb5a0_0;
    %assign/vec4 v0x632b1facb660_0, 0;
    %jmp T_13;
    .thread T_13;
    .scope S_0x632b1facbd50;
T_14 ;
    %wait E_0x632b1fa0ef30;
    %load/vec4 v0x632b1facc720_0;
    %flag_set/vec4 8;
    %jmp/0xz  T_14.0, 8;
    %pushi/vec4 0, 0, 1;
    %assign/vec4 v0x632b1facc880_0, 0;
    %pushi/vec4 0, 0, 16;
    %assign/vec4 v0x632b1facc2a0_0, 0;
    %pushi/vec4 0, 0, 16;
    %assign/vec4 v0x632b1facc470_0, 0;
    %pushi/vec4 0, 0, 32;
    %assign/vec4 v0x632b1facc550_0, 0;
T_14.0 ;
    %load/vec4 v0x632b1facc7c0_0;
    %flag_set/vec4 8;
    %jmp/0xz  T_14.2, 8;
    %load/vec4 v0x632b1facc550_0;
    %load/vec4 v0x632b1facc1c0_0;
    %pad/u 32;
    %load/vec4 v0x632b1facc380_0;
    %pad/u 32;
    %mul;
    %add;
    %assign/vec4 v0x632b1facc550_0, 0;
    %load/vec4 v0x632b1facc1c0_0;
    %assign/vec4 v0x632b1facc2a0_0, 0;
    %load/vec4 v0x632b1facc380_0;
    %assign/vec4 v0x632b1facc470_0, 0;
T_14.2 ;
    %load/vec4 v0x632b1facc7c0_0;
    %assign/vec4 v0x632b1facc880_0, 0;
    %jmp T_14;
    .thread T_14;
    .scope S_0x632b1faccf40;
T_15 ;
    %wait E_0x632b1fa0ef30;
    %load/vec4 v0x632b1facd930_0;
    %flag_set/vec4 8;
    %jmp/0xz  T_15.0, 8;
    %pushi/vec4 0, 0, 1;
    %assign/vec4 v0x632b1facda90_0, 0;
    %pushi/vec4 0, 0, 16;
    %assign/vec4 v0x632b1facd4b0_0, 0;
    %pushi/vec4 0, 0, 16;
    %assign/vec4 v0x632b1facd680_0, 0;
    %pushi/vec4 0, 0, 32;
    %assign/vec4 v0x632b1facd760_0, 0;
T_15.0 ;
    %load/vec4 v0x632b1facd9d0_0;
    %flag_set/vec4 8;
    %jmp/0xz  T_15.2, 8;
    %load/vec4 v0x632b1facd760_0;
    %load/vec4 v0x632b1facd3b0_0;
    %pad/u 32;
    %load/vec4 v0x632b1facd590_0;
    %pad/u 32;
    %mul;
    %add;
    %assign/vec4 v0x632b1facd760_0, 0;
    %load/vec4 v0x632b1facd3b0_0;
    %assign/vec4 v0x632b1facd4b0_0, 0;
    %load/vec4 v0x632b1facd590_0;
    %assign/vec4 v0x632b1facd680_0, 0;
T_15.2 ;
    %load/vec4 v0x632b1facd9d0_0;
    %assign/vec4 v0x632b1facda90_0, 0;
    %jmp T_15;
    .thread T_15;
    .scope S_0x632b1fa93df0;
T_16 ;
    %pushi/vec4 0, 0, 1;
    %store/vec4 v0x632b1facff20_0, 0, 1;
    %end;
    .thread T_16;
    .scope S_0x632b1fa93df0;
T_17 ;
    %delay 5000, 0;
    %load/vec4 v0x632b1facff20_0;
    %inv;
    %store/vec4 v0x632b1facff20_0, 0, 1;
    %jmp T_17;
    .thread T_17;
    .scope S_0x632b1fa93df0;
T_18 ;
    %vpi_call/w 3 49 "$dumpfile", "tb_systolic.vcd" {0 0 0};
    %vpi_call/w 3 50 "$dumpvars", 32'sb00000000000000000000000000000000, S_0x632b1fa93df0 {0 0 0};
    %pushi/vec4 1, 0, 16;
    %ix/load 4, 0, 0;
    %flag_set/imm 4, 0;
    %store/vec4a v0x632b1facf930, 4, 0;
    %pushi/vec4 2, 0, 16;
    %ix/load 4, 1, 0;
    %flag_set/imm 4, 0;
    %store/vec4a v0x632b1facf930, 4, 0;
    %pushi/vec4 3, 0, 16;
    %ix/load 4, 2, 0;
    %flag_set/imm 4, 0;
    %store/vec4a v0x632b1facf930, 4, 0;
    %pushi/vec4 4, 0, 16;
    %ix/load 4, 3, 0;
    %flag_set/imm 4, 0;
    %store/vec4a v0x632b1facf930, 4, 0;
    %pushi/vec4 5, 0, 16;
    %ix/load 4, 4, 0;
    %flag_set/imm 4, 0;
    %store/vec4a v0x632b1facf930, 4, 0;
    %pushi/vec4 6, 0, 16;
    %ix/load 4, 5, 0;
    %flag_set/imm 4, 0;
    %store/vec4a v0x632b1facf930, 4, 0;
    %pushi/vec4 7, 0, 16;
    %ix/load 4, 6, 0;
    %flag_set/imm 4, 0;
    %store/vec4a v0x632b1facf930, 4, 0;
    %pushi/vec4 8, 0, 16;
    %ix/load 4, 7, 0;
    %flag_set/imm 4, 0;
    %store/vec4a v0x632b1facf930, 4, 0;
    %pushi/vec4 9, 0, 16;
    %ix/load 4, 8, 0;
    %flag_set/imm 4, 0;
    %store/vec4a v0x632b1facf930, 4, 0;
    %pushi/vec4 10, 0, 16;
    %ix/load 4, 9, 0;
    %flag_set/imm 4, 0;
    %store/vec4a v0x632b1facf930, 4, 0;
    %pushi/vec4 11, 0, 16;
    %ix/load 4, 10, 0;
    %flag_set/imm 4, 0;
    %store/vec4a v0x632b1facf930, 4, 0;
    %pushi/vec4 12, 0, 16;
    %ix/load 4, 11, 0;
    %flag_set/imm 4, 0;
    %store/vec4a v0x632b1facf930, 4, 0;
    %pushi/vec4 13, 0, 16;
    %ix/load 4, 12, 0;
    %flag_set/imm 4, 0;
    %store/vec4a v0x632b1facf930, 4, 0;
    %pushi/vec4 14, 0, 16;
    %ix/load 4, 13, 0;
    %flag_set/imm 4, 0;
    %store/vec4a v0x632b1facf930, 4, 0;
    %pushi/vec4 15, 0, 16;
    %ix/load 4, 14, 0;
    %flag_set/imm 4, 0;
    %store/vec4a v0x632b1facf930, 4, 0;
    %pushi/vec4 16, 0, 16;
    %ix/load 4, 15, 0;
    %flag_set/imm 4, 0;
    %store/vec4a v0x632b1facf930, 4, 0;
    %pushi/vec4 1, 0, 16;
    %ix/load 4, 0, 0;
    %flag_set/imm 4, 0;
    %store/vec4a v0x632b1facf9d0, 4, 0;
    %pushi/vec4 0, 0, 16;
    %ix/load 4, 1, 0;
    %flag_set/imm 4, 0;
    %store/vec4a v0x632b1facf9d0, 4, 0;
    %pushi/vec4 0, 0, 16;
    %ix/load 4, 2, 0;
    %flag_set/imm 4, 0;
    %store/vec4a v0x632b1facf9d0, 4, 0;
    %pushi/vec4 0, 0, 16;
    %ix/load 4, 3, 0;
    %flag_set/imm 4, 0;
    %store/vec4a v0x632b1facf9d0, 4, 0;
    %pushi/vec4 0, 0, 16;
    %ix/load 4, 4, 0;
    %flag_set/imm 4, 0;
    %store/vec4a v0x632b1facf9d0, 4, 0;
    %pushi/vec4 1, 0, 16;
    %ix/load 4, 5, 0;
    %flag_set/imm 4, 0;
    %store/vec4a v0x632b1facf9d0, 4, 0;
    %pushi/vec4 0, 0, 16;
    %ix/load 4, 6, 0;
    %flag_set/imm 4, 0;
    %store/vec4a v0x632b1facf9d0, 4, 0;
    %pushi/vec4 0, 0, 16;
    %ix/load 4, 7, 0;
    %flag_set/imm 4, 0;
    %store/vec4a v0x632b1facf9d0, 4, 0;
    %pushi/vec4 0, 0, 16;
    %ix/load 4, 8, 0;
    %flag_set/imm 4, 0;
    %store/vec4a v0x632b1facf9d0, 4, 0;
    %pushi/vec4 0, 0, 16;
    %ix/load 4, 9, 0;
    %flag_set/imm 4, 0;
    %store/vec4a v0x632b1facf9d0, 4, 0;
    %pushi/vec4 1, 0, 16;
    %ix/load 4, 10, 0;
    %flag_set/imm 4, 0;
    %store/vec4a v0x632b1facf9d0, 4, 0;
    %pushi/vec4 0, 0, 16;
    %ix/load 4, 11, 0;
    %flag_set/imm 4, 0;
    %store/vec4a v0x632b1facf9d0, 4, 0;
    %pushi/vec4 0, 0, 16;
    %ix/load 4, 12, 0;
    %flag_set/imm 4, 0;
    %store/vec4a v0x632b1facf9d0, 4, 0;
    %pushi/vec4 0, 0, 16;
    %ix/load 4, 13, 0;
    %flag_set/imm 4, 0;
    %store/vec4a v0x632b1facf9d0, 4, 0;
    %pushi/vec4 0, 0, 16;
    %ix/load 4, 14, 0;
    %flag_set/imm 4, 0;
    %store/vec4a v0x632b1facf9d0, 4, 0;
    %pushi/vec4 1, 0, 16;
    %ix/load 4, 15, 0;
    %flag_set/imm 4, 0;
    %store/vec4a v0x632b1facf9d0, 4, 0;
    %pushi/vec4 0, 0, 32;
    %store/vec4 v0x632b1fad0190_0, 0, 32;
T_18.0 ;
    %load/vec4 v0x632b1fad0190_0;
    %cmpi/s 4, 0, 32;
    %jmp/0xz T_18.1, 5;
    %pushi/vec4 0, 0, 32;
    %store/vec4 v0x632b1fad0230_0, 0, 32;
T_18.2 ;
    %load/vec4 v0x632b1fad0230_0;
    %cmpi/s 4, 0, 32;
    %jmp/0xz T_18.3, 5;
    %pushi/vec4 0, 0, 32;
    %load/vec4 v0x632b1fad0190_0;
    %pad/s 35;
    %pad/s 37;
    %muli 4, 0, 37;
    %pad/s 38;
    %load/vec4 v0x632b1fad0230_0;
    %pad/s 38;
    %add;
    %ix/vec4/s 4;
    %store/vec4a v0x632b1facfa70, 4, 0;
    %pushi/vec4 0, 0, 32;
    %store/vec4 v0x632b1fad02d0_0, 0, 32;
T_18.4 ;
    %load/vec4 v0x632b1fad02d0_0;
    %cmpi/s 4, 0, 32;
    %jmp/0xz T_18.5, 5;
    %load/vec4 v0x632b1fad0190_0;
    %pad/s 35;
    %pad/s 37;
    %muli 4, 0, 37;
    %pad/s 38;
    %load/vec4 v0x632b1fad0230_0;
    %pad/s 38;
    %add;
    %ix/vec4/s 4;
    %load/vec4a v0x632b1facfa70, 4;
    %load/vec4 v0x632b1fad0190_0;
    %pad/s 35;
    %pad/s 37;
    %muli 4, 0, 37;
    %pad/s 38;
    %load/vec4 v0x632b1fad02d0_0;
    %pad/s 38;
    %add;
    %ix/vec4/s 4;
    %load/vec4a v0x632b1facf930, 4;
    %pad/u 32;
    %load/vec4 v0x632b1fad02d0_0;
    %pad/s 35;
    %pad/s 37;
    %muli 4, 0, 37;
    %pad/s 38;
    %load/vec4 v0x632b1fad0230_0;
    %pad/s 38;
    %add;
    %ix/vec4/s 4;
    %load/vec4a v0x632b1facf9d0, 4;
    %pad/u 32;
    %mul;
    %add;
    %load/vec4 v0x632b1fad0190_0;
    %pad/s 35;
    %pad/s 37;
    %muli 4, 0, 37;
    %pad/s 38;
    %load/vec4 v0x632b1fad0230_0;
    %pad/s 38;
    %add;
    %ix/vec4/s 4;
    %store/vec4a v0x632b1facfa70, 4, 0;
    %load/vec4 v0x632b1fad02d0_0;
    %addi 1, 0, 32;
    %store/vec4 v0x632b1fad02d0_0, 0, 32;
    %jmp T_18.4;
T_18.5 ;
    %load/vec4 v0x632b1fad0230_0;
    %addi 1, 0, 32;
    %store/vec4 v0x632b1fad0230_0, 0, 32;
    %jmp T_18.2;
T_18.3 ;
    %load/vec4 v0x632b1fad0190_0;
    %addi 1, 0, 32;
    %store/vec4 v0x632b1fad0190_0, 0, 32;
    %jmp T_18.0;
T_18.1 ;
    %pushi/vec4 0, 0, 32;
    %store/vec4 v0x632b1fad0190_0, 0, 32;
T_18.6 ;
    %load/vec4 v0x632b1fad0190_0;
    %cmpi/s 4, 0, 32;
    %jmp/0xz T_18.7, 5;
    %pushi/vec4 0, 0, 32;
    %store/vec4 v0x632b1fad0410_0, 0, 32;
T_18.8 ;
    %load/vec4 v0x632b1fad0410_0;
    %pad/s 65;
    %cmpi/s 7, 0, 65;
    %jmp/0xz T_18.9, 5;
    %load/vec4 v0x632b1fad0190_0;
    %load/vec4 v0x632b1fad0410_0;
    %cmp/s;
    %flag_get/vec4 4;
    %flag_get/vec4 5;
    %or;
    %load/vec4 v0x632b1fad0410_0;
    %load/vec4 v0x632b1fad0190_0;
    %sub;
    %cmpi/s 4, 0, 32;
    %flag_get/vec4 5;
    %and;
    %flag_set/vec4 8;
    %jmp/0xz  T_18.10, 8;
    %load/vec4 v0x632b1fad0190_0;
    %pad/s 35;
    %pad/s 37;
    %muli 4, 0, 37;
    %pad/s 38;
    %load/vec4 v0x632b1fad0410_0;
    %pad/s 33;
    %load/vec4 v0x632b1fad0190_0;
    %pad/s 33;
    %sub;
    %pad/s 38;
    %add;
    %ix/vec4/s 4;
    %load/vec4a v0x632b1facf930, 4;
    %load/vec4 v0x632b1fad0190_0;
    %pad/s 35;
    %pad/s 38;
    %muli 7, 0, 38;
    %pad/s 39;
    %load/vec4 v0x632b1fad0410_0;
    %pad/s 39;
    %add;
    %ix/vec4/s 4;
    %store/vec4a v0x632b1facfc10, 4, 0;
    %jmp T_18.11;
T_18.10 ;
    %pushi/vec4 0, 0, 16;
    %load/vec4 v0x632b1fad0190_0;
    %pad/s 35;
    %pad/s 38;
    %muli 7, 0, 38;
    %pad/s 39;
    %load/vec4 v0x632b1fad0410_0;
    %pad/s 39;
    %add;
    %ix/vec4/s 4;
    %store/vec4a v0x632b1facfc10, 4, 0;
T_18.11 ;
    %load/vec4 v0x632b1fad0410_0;
    %addi 1, 0, 32;
    %store/vec4 v0x632b1fad0410_0, 0, 32;
    %jmp T_18.8;
T_18.9 ;
    %load/vec4 v0x632b1fad0190_0;
    %addi 1, 0, 32;
    %store/vec4 v0x632b1fad0190_0, 0, 32;
    %jmp T_18.6;
T_18.7 ;
    %pushi/vec4 0, 0, 32;
    %store/vec4 v0x632b1fad0230_0, 0, 32;
T_18.12 ;
    %load/vec4 v0x632b1fad0230_0;
    %cmpi/s 4, 0, 32;
    %jmp/0xz T_18.13, 5;
    %pushi/vec4 0, 0, 32;
    %store/vec4 v0x632b1fad0410_0, 0, 32;
T_18.14 ;
    %load/vec4 v0x632b1fad0410_0;
    %pad/s 65;
    %cmpi/s 7, 0, 65;
    %jmp/0xz T_18.15, 5;
    %load/vec4 v0x632b1fad0230_0;
    %load/vec4 v0x632b1fad0410_0;
    %cmp/s;
    %flag_get/vec4 4;
    %flag_get/vec4 5;
    %or;
    %load/vec4 v0x632b1fad0410_0;
    %load/vec4 v0x632b1fad0230_0;
    %sub;
    %cmpi/s 4, 0, 32;
    %flag_get/vec4 5;
    %and;
    %flag_set/vec4 8;
    %jmp/0xz  T_18.16, 8;
    %load/vec4 v0x632b1fad0410_0;
    %pad/s 33;
    %load/vec4 v0x632b1fad0230_0;
    %pad/s 33;
    %sub;
    %pad/s 36;
    %pad/s 38;
    %muli 4, 0, 38;
    %pad/s 39;
    %load/vec4 v0x632b1fad0230_0;
    %pad/s 39;
    %add;
    %ix/vec4/s 4;
    %load/vec4a v0x632b1facf9d0, 4;
    %load/vec4 v0x632b1fad0230_0;
    %pad/s 35;
    %pad/s 38;
    %muli 7, 0, 38;
    %pad/s 39;
    %load/vec4 v0x632b1fad0410_0;
    %pad/s 39;
    %add;
    %ix/vec4/s 4;
    %store/vec4a v0x632b1facfd50, 4, 0;
    %jmp T_18.17;
T_18.16 ;
    %pushi/vec4 0, 0, 16;
    %load/vec4 v0x632b1fad0230_0;
    %pad/s 35;
    %pad/s 38;
    %muli 7, 0, 38;
    %pad/s 39;
    %load/vec4 v0x632b1fad0410_0;
    %pad/s 39;
    %add;
    %ix/vec4/s 4;
    %store/vec4a v0x632b1facfd50, 4, 0;
T_18.17 ;
    %load/vec4 v0x632b1fad0410_0;
    %addi 1, 0, 32;
    %store/vec4 v0x632b1fad0410_0, 0, 32;
    %jmp T_18.14;
T_18.15 ;
    %load/vec4 v0x632b1fad0230_0;
    %addi 1, 0, 32;
    %store/vec4 v0x632b1fad0230_0, 0, 32;
    %jmp T_18.12;
T_18.13 ;
    %pushi/vec4 1, 0, 1;
    %store/vec4 v0x632b1fad0370_0, 0, 1;
    %pushi/vec4 0, 0, 1;
    %store/vec4 v0x632b1fad04b0_0, 0, 1;
    %pushi/vec4 0, 0, 16;
    %ix/load 4, 0, 0;
    %flag_set/imm 4, 0;
    %store/vec4a v0x632b1facfb40, 4, 0;
    %pushi/vec4 0, 0, 16;
    %ix/load 4, 1, 0;
    %flag_set/imm 4, 0;
    %store/vec4a v0x632b1facfb40, 4, 0;
    %pushi/vec4 0, 0, 16;
    %ix/load 4, 2, 0;
    %flag_set/imm 4, 0;
    %store/vec4a v0x632b1facfb40, 4, 0;
    %pushi/vec4 0, 0, 16;
    %ix/load 4, 3, 0;
    %flag_set/imm 4, 0;
    %store/vec4a v0x632b1facfb40, 4, 0;
    %pushi/vec4 0, 0, 16;
    %ix/load 4, 0, 0;
    %flag_set/imm 4, 0;
    %store/vec4a v0x632b1facfcb0, 4, 0;
    %pushi/vec4 0, 0, 16;
    %ix/load 4, 1, 0;
    %flag_set/imm 4, 0;
    %store/vec4a v0x632b1facfcb0, 4, 0;
    %pushi/vec4 0, 0, 16;
    %ix/load 4, 2, 0;
    %flag_set/imm 4, 0;
    %store/vec4a v0x632b1facfcb0, 4, 0;
    %pushi/vec4 0, 0, 16;
    %ix/load 4, 3, 0;
    %flag_set/imm 4, 0;
    %store/vec4a v0x632b1facfcb0, 4, 0;
    %pushi/vec4 3, 0, 32;
T_18.18 %dup/vec4;
    %pushi/vec4 0, 0, 32;
    %cmp/s;
    %jmp/1xz T_18.19, 5;
    %jmp/1 T_18.19, 4;
    %pushi/vec4 1, 0, 32;
    %sub;
    %wait E_0x632b1fa41a20;
    %jmp T_18.18;
T_18.19 ;
    %pop/vec4 1;
    %pushi/vec4 0, 0, 1;
    %store/vec4 v0x632b1fad0370_0, 0, 1;
    %pushi/vec4 0, 0, 32;
    %store/vec4 v0x632b1fad0050_0, 0, 32;
T_18.20 ;
    %load/vec4 v0x632b1fad0050_0;
    %pad/s 65;
    %cmpi/s 7, 0, 65;
    %jmp/0xz T_18.21, 5;
    %wait E_0x632b1fa41a20;
    %pushi/vec4 1, 0, 1;
    %store/vec4 v0x632b1fad04b0_0, 0, 1;
    %ix/getv/s 4, v0x632b1fad0050_0;
    %load/vec4a v0x632b1facfc10, 4;
    %ix/load 4, 0, 0;
    %flag_set/imm 4, 0;
    %store/vec4a v0x632b1facfb40, 4, 0;
    %pushi/vec4 7, 0, 4;
    %pad/s 5;
    %load/vec4 v0x632b1fad0050_0;
    %pad/s 5;
    %add;
    %ix/vec4/s 4;
    %load/vec4a v0x632b1facfc10, 4;
    %ix/load 4, 1, 0;
    %flag_set/imm 4, 0;
    %store/vec4a v0x632b1facfb40, 4, 0;
    %pushi/vec4 14, 0, 5;
    %pad/s 6;
    %load/vec4 v0x632b1fad0050_0;
    %pad/s 6;
    %add;
    %ix/vec4/s 4;
    %load/vec4a v0x632b1facfc10, 4;
    %ix/load 4, 2, 0;
    %flag_set/imm 4, 0;
    %store/vec4a v0x632b1facfb40, 4, 0;
    %pushi/vec4 21, 0, 6;
    %pad/s 7;
    %load/vec4 v0x632b1fad0050_0;
    %pad/s 7;
    %add;
    %ix/vec4/s 4;
    %load/vec4a v0x632b1facfc10, 4;
    %ix/load 4, 3, 0;
    %flag_set/imm 4, 0;
    %store/vec4a v0x632b1facfb40, 4, 0;
    %ix/getv/s 4, v0x632b1fad0050_0;
    %load/vec4a v0x632b1facfd50, 4;
    %ix/load 4, 0, 0;
    %flag_set/imm 4, 0;
    %store/vec4a v0x632b1facfcb0, 4, 0;
    %pushi/vec4 7, 0, 4;
    %pad/s 5;
    %load/vec4 v0x632b1fad0050_0;
    %pad/s 5;
    %add;
    %ix/vec4/s 4;
    %load/vec4a v0x632b1facfd50, 4;
    %ix/load 4, 1, 0;
    %flag_set/imm 4, 0;
    %store/vec4a v0x632b1facfcb0, 4, 0;
    %pushi/vec4 14, 0, 5;
    %pad/s 6;
    %load/vec4 v0x632b1fad0050_0;
    %pad/s 6;
    %add;
    %ix/vec4/s 4;
    %load/vec4a v0x632b1facfd50, 4;
    %ix/load 4, 2, 0;
    %flag_set/imm 4, 0;
    %store/vec4a v0x632b1facfcb0, 4, 0;
    %pushi/vec4 21, 0, 6;
    %pad/s 7;
    %load/vec4 v0x632b1fad0050_0;
    %pad/s 7;
    %add;
    %ix/vec4/s 4;
    %load/vec4a v0x632b1facfd50, 4;
    %ix/load 4, 3, 0;
    %flag_set/imm 4, 0;
    %store/vec4a v0x632b1facfcb0, 4, 0;
    %load/vec4 v0x632b1fad0050_0;
    %addi 1, 0, 32;
    %store/vec4 v0x632b1fad0050_0, 0, 32;
    %jmp T_18.20;
T_18.21 ;
    %wait E_0x632b1fa41a20;
    %pushi/vec4 0, 0, 1;
    %store/vec4 v0x632b1fad04b0_0, 0, 1;
    %pushi/vec4 0, 0, 16;
    %ix/load 4, 0, 0;
    %flag_set/imm 4, 0;
    %store/vec4a v0x632b1facfb40, 4, 0;
    %pushi/vec4 0, 0, 16;
    %ix/load 4, 1, 0;
    %flag_set/imm 4, 0;
    %store/vec4a v0x632b1facfb40, 4, 0;
    %pushi/vec4 0, 0, 16;
    %ix/load 4, 2, 0;
    %flag_set/imm 4, 0;
    %store/vec4a v0x632b1facfb40, 4, 0;
    %pushi/vec4 0, 0, 16;
    %ix/load 4, 3, 0;
    %flag_set/imm 4, 0;
    %store/vec4a v0x632b1facfb40, 4, 0;
    %pushi/vec4 0, 0, 16;
    %ix/load 4, 0, 0;
    %flag_set/imm 4, 0;
    %store/vec4a v0x632b1facfcb0, 4, 0;
    %pushi/vec4 0, 0, 16;
    %ix/load 4, 1, 0;
    %flag_set/imm 4, 0;
    %store/vec4a v0x632b1facfcb0, 4, 0;
    %pushi/vec4 0, 0, 16;
    %ix/load 4, 2, 0;
    %flag_set/imm 4, 0;
    %store/vec4a v0x632b1facfcb0, 4, 0;
    %pushi/vec4 0, 0, 16;
    %ix/load 4, 3, 0;
    %flag_set/imm 4, 0;
    %store/vec4a v0x632b1facfcb0, 4, 0;
    %pushi/vec4 11, 0, 67;
T_18.22 %dup/vec4;
    %pushi/vec4 0, 0, 67;
    %cmp/s;
    %jmp/1xz T_18.23, 5;
    %jmp/1 T_18.23, 4;
    %pushi/vec4 1, 0, 67;
    %sub;
    %wait E_0x632b1fa0ef30;
    %jmp T_18.22;
T_18.23 ;
    %pop/vec4 1;
    %wait E_0x632b1fa41a20;
    %pushi/vec4 0, 0, 32;
    %store/vec4 v0x632b1fad00f0_0, 0, 32;
    %vpi_call/w 3 122 "$display", "=== Results ===" {0 0 0};
    %pushi/vec4 0, 0, 32;
    %store/vec4 v0x632b1fad0190_0, 0, 32;
T_18.24 ;
    %load/vec4 v0x632b1fad0190_0;
    %cmpi/s 4, 0, 32;
    %jmp/0xz T_18.25, 5;
    %pushi/vec4 0, 0, 32;
    %store/vec4 v0x632b1fad0230_0, 0, 32;
T_18.26 ;
    %load/vec4 v0x632b1fad0230_0;
    %cmpi/s 4, 0, 32;
    %jmp/0xz T_18.27, 5;
    %load/vec4 v0x632b1fad0190_0;
    %pad/s 35;
    %pad/s 37;
    %muli 4, 0, 37;
    %pad/s 38;
    %load/vec4 v0x632b1fad0230_0;
    %pad/s 38;
    %add;
    %ix/vec4/s 4;
    %load/vec4a v0x632b1facfdf0, 4;
    %load/vec4 v0x632b1fad0190_0;
    %pad/s 35;
    %pad/s 37;
    %muli 4, 0, 37;
    %pad/s 38;
    %load/vec4 v0x632b1fad0230_0;
    %pad/s 38;
    %add;
    %ix/vec4/s 4;
    %load/vec4a v0x632b1facfa70, 4;
    %cmp/ne;
    %jmp/0xz  T_18.28, 6;
    %load/vec4 v0x632b1fad0190_0;
    %pad/s 35;
    %pad/s 37;
    %muli 4, 0, 37;
    %pad/s 38;
    %load/vec4 v0x632b1fad0230_0;
    %pad/s 38;
    %add;
    %ix/vec4/s 4;
    %load/vec4a v0x632b1facfdf0, 4;
    %load/vec4 v0x632b1fad0190_0;
    %pad/s 35;
    %pad/s 37;
    %muli 4, 0, 37;
    %pad/s 38;
    %load/vec4 v0x632b1fad0230_0;
    %pad/s 38;
    %add;
    %ix/vec4/s 4;
    %load/vec4a v0x632b1facfa70, 4;
    %vpi_call/w 3 126 "$display", "FAIL C[%0d][%0d] = %0d, expected %0d", v0x632b1fad0190_0, v0x632b1fad0230_0, S<1,vec4,u32>, S<0,vec4,u32> {2 0 0};
    %load/vec4 v0x632b1fad00f0_0;
    %addi 1, 0, 32;
    %store/vec4 v0x632b1fad00f0_0, 0, 32;
    %jmp T_18.29;
T_18.28 ;
    %load/vec4 v0x632b1fad0190_0;
    %pad/s 35;
    %pad/s 37;
    %muli 4, 0, 37;
    %pad/s 38;
    %load/vec4 v0x632b1fad0230_0;
    %pad/s 38;
    %add;
    %ix/vec4/s 4;
    %load/vec4a v0x632b1facfdf0, 4;
    %vpi_call/w 3 130 "$display", "OK   C[%0d][%0d] = %0d", v0x632b1fad0190_0, v0x632b1fad0230_0, S<0,vec4,u32> {1 0 0};
T_18.29 ;
    %load/vec4 v0x632b1fad0230_0;
    %addi 1, 0, 32;
    %store/vec4 v0x632b1fad0230_0, 0, 32;
    %jmp T_18.26;
T_18.27 ;
    %load/vec4 v0x632b1fad0190_0;
    %addi 1, 0, 32;
    %store/vec4 v0x632b1fad0190_0, 0, 32;
    %jmp T_18.24;
T_18.25 ;
    %load/vec4 v0x632b1fad00f0_0;
    %cmpi/e 0, 0, 32;
    %jmp/0xz  T_18.30, 4;
    %vpi_call/w 3 134 "$display", "ALL PASS" {0 0 0};
    %jmp T_18.31;
T_18.30 ;
    %vpi_call/w 3 136 "$display", "%0d FAILURES", v0x632b1fad00f0_0 {0 0 0};
T_18.31 ;
    %vpi_call/w 3 138 "$finish" {0 0 0};
    %end;
    .thread T_18;
# The file index is used to find the file name in the following table.
:file_names 6;
    "N/A";
    "<interactive>";
    "-";
    "/home/closedclock/GitHub/lab4-gpuarch/tests/tb_systolic.sv";
    "/home/closedclock/GitHub/lab4-gpuarch/rtl/systolic_array.sv";
    "/home/closedclock/GitHub/lab4-gpuarch/rtl/PE.v";
